2020-07-12 08:11:50.7430 AllServer 0001 (Program.cs:36) server start........................ 1 AllServer
2020-07-12 08:12:06.5572 AllServer 0001 (A0003_LoginGateHandler.cs:26) =====================================>A0003
2020-07-12 08:12:10.0751 AllServer 0001 (LocationComponent.cs:62) location add key: 281474976710742 instanceId: 281474976710742
2020-07-12 08:12:10.3330 AllServer 0001 (LocationComponent.cs:62) location add key: 281474976710744 instanceId: 281474976710744
2020-07-12 08:12:10.4759 AllServer 0001 (LandMatchComponentSystem.cs:108) 玩家101594395919进入房间
2020-07-12 13:05:46.6447 AllServer 0001 (Program.cs:36) server start........................ 1 AllServer
2020-07-12 13:12:03.2592 AllServer 0001 (A0003_LoginGateHandler.cs:26) =====================================>A0003
2020-07-12 13:20:22.4185 AllServer 0001 (SessionUserComponentSystem.cs:14) 销毁User和Session101594395919
2020-07-12 13:20:22.4341 AllServer 0001 (A0005_PlayerOffline.cs:13) 玩家101594395919下线
2020-07-12 15:01:18.8532 AllServer 0001 (A0003_LoginGateHandler.cs:26) =====================================>A0003
2020-07-12 15:01:25.1167 AllServer 0001 (LocationComponent.cs:62) location add key: 281474976710761 instanceId: 281474976710761
2020-07-12 15:01:25.1480 AllServer 0001 (LocationComponent.cs:62) location add key: 281474976710763 instanceId: 281474976710763
2020-07-12 15:01:25.1635 AllServer 0001 (LandMatchComponentSystem.cs:108) 玩家101594395919进入房间
2020-07-12 15:06:07.4433 AllServer 0001 (Program.cs:36) server start........................ 1 AllServer
2020-07-12 15:06:30.0269 AllServer 0001 (A0003_LoginGateHandler.cs:26) =====================================>A0003
2020-07-12 15:06:32.1353 AllServer 0001 (LocationComponent.cs:62) location add key: 281474976710742 instanceId: 281474976710742
2020-07-12 15:06:32.1830 AllServer 0001 (LocationComponent.cs:62) location add key: 281474976710744 instanceId: 281474976710744
2020-07-12 15:06:32.2014 AllServer 0001 (LandMatchComponentSystem.cs:108) 玩家101594395919进入房间
2020-07-12 15:07:08.6473 AllServer 0001 (SessionUserComponentSystem.cs:14) 销毁User和Session101594395919
2020-07-12 15:07:08.6618 AllServer 0001 (A0005_PlayerOffline.cs:13) 玩家101594395919下线
2020-07-12 15:09:53.9399 AllServer 0001 (Program.cs:36) server start........................ 1 AllServer
2020-07-12 15:10:06.6621 AllServer 0001 (A0003_LoginGateHandler.cs:26) =====================================>A0003
2020-07-12 15:10:10.0684 AllServer 0001 (LocationComponent.cs:62) location add key: 281474976710742 instanceId: 281474976710742
2020-07-12 15:10:10.1320 AllServer 0001 (LocationComponent.cs:62) location add key: 281474976710744 instanceId: 281474976710744
2020-07-12 15:10:10.1472 AllServer 0001 (LandMatchComponentSystem.cs:108) 玩家101594395919进入房间
2020-07-12 15:38:53.0746 AllServer 0001 (SessionUserComponentSystem.cs:14) 销毁User和Session101594395919
2020-07-12 15:41:14.4799 AllServer 0001 (Program.cs:36) server start........................ 1 AllServer
2020-07-12 15:41:30.5403 AllServer 0001 (A0003_LoginGateHandler.cs:26) =====================================>A0003
2020-07-12 15:41:36.0068 AllServer 0001 (LocationComponent.cs:62) location add key: 281474976710742 instanceId: 281474976710742
2020-07-12 15:41:36.0716 AllServer 0001 (LocationComponent.cs:62) location add key: 281474976710744 instanceId: 281474976710744
2020-07-12 15:41:36.0864 AllServer 0001 (LandMatchComponentSystem.cs:108) 玩家101594395919进入房间
2020-07-12 15:42:13.6434 AllServer 0001 (SessionUserComponentSystem.cs:14) 销毁User和Session101594395919
2020-07-12 15:42:13.6661 AllServer 0001 (A0005_PlayerOffline.cs:13) 玩家101594395919下线
2020-07-12 15:51:52.1921 AllServer 0001 (Program.cs:36) server start........................ 1 AllServer
2020-07-12 15:52:17.0469 AllServer 0001 (A0003_LoginGateHandler.cs:26) =====================================>A0003
2020-07-12 15:52:22.5586 AllServer 0001 (LocationComponent.cs:62) location add key: 281474976710742 instanceId: 281474976710742
2020-07-12 15:52:23.4807 AllServer 0001 (LocationComponent.cs:62) location add key: 281474976710744 instanceId: 281474976710744
2020-07-12 15:52:23.5280 AllServer 0001 (LandMatchComponentSystem.cs:108) 玩家101594395919进入房间
2020-07-12 15:52:23.5854 AllServer 0001 (M2G_MatchSucessHandler.cs:14) 玩家101594395919匹配成功 更新客户端Actor转发向Gamer
2020-07-12 17:22:20.1156 AllServer 0001 (SessionUserComponentSystem.cs:14) 销毁User和Session101594395919
2020-07-12 17:22:20.1345 AllServer 0001 (A0005_PlayerOffline.cs:13) 玩家101594395919下线
