2020-07-16 01:34:34.0438 AllServer 0001 (Session.cs:142) { "_t" : "C2G_TestMessage", "RpcId" : 1, "Info" : "==>>服务端的朋友,你好!收到请回答" }
2020-07-16 01:34:55.5823 AllServer 0001 (Session.cs:142) { "_t" : "C2G_TestMessage", "RpcId" : 1, "Info" : "==>>服务端的朋友,你好!收到请回答" }
2020-07-16 01:35:04.8866 AllServer 0001 (Session.cs:142) { "_t" : "A0002_Login_C2R", "RpcId" : 2, "Account" : "test0", "Password" : "123" }
2020-07-16 01:35:04.9237 AllServer 0001 (Session.cs:142) { "_t" : "DBQueryJsonRequest", "RpcId" : 1, "CollectionName" : "AccountInfo", "Json" : "{Account:'test0',Password:'123'}" }
2020-07-16 01:35:05.2500 AllServer 0001 (Session.cs:142) { "_t" : "DBQueryJsonResponse", "Components" : [{ "_t" : "AccountInfo", "_id" : NumberLong("101594395919"), "C" : [], "Account" : "test0", "Password" : "123" }], "RpcId" : 1, "Error" : 0, "Message" : null }
2020-07-16 01:35:05.2734 AllServer 0001 (Session.cs:142) { "_t" : "A0006_GetLoginKey_R2G", "RpcId" : 2, "UserID" : NumberLong("101594395919") }
2020-07-16 01:35:05.2933 AllServer 0001 (Session.cs:142) { "_t" : "A0006_GetLoginKey_G2R", "RpcId" : 2, "Error" : 0, "Message" : null, "GateLoginKey" : NumberLong("5484177939951571304") }
2020-07-16 01:35:05.3241 AllServer 0001 (Session.cs:142) { "_t" : "A0003_LoginGate_C2G", "RpcId" : 3, "GateLoginKey" : NumberLong("5484177939951571304") }
2020-07-16 01:35:05.3550 AllServer 0001 (Session.cs:142) { "_t" : "A0004_PlayerOnline_G2R", "RpcId" : 0, "UserID" : NumberLong("101594395919"), "GateAppID" : 1 }
2020-07-16 01:35:05.3916 AllServer 0001 (Session.cs:142) { "_t" : "A1001_GetUserInfo_C2G", "RpcId" : 4 }
2020-07-16 01:35:05.4047 AllServer 0001 (Session.cs:142) { "_t" : "DBQueryRequest", "RpcId" : 3, "_id" : NumberLong("101594395919"), "NeedCache" : true, "CollectionName" : "UserInfo" }
2020-07-16 01:35:05.5176 AllServer 0001 (Session.cs:142) { "_t" : "DBQueryResponse", "RpcId" : 3, "Error" : 0, "Message" : null, "Component" : { "_t" : "UserInfo", "_id" : NumberLong("101594395919"), "C" : [], "UserName" : "test0", "Level" : 1, "Money" : NumberLong(10000), "Phone" : NumberLong(12324), "Email" : "axuyin", "Sex" : "男", "Title" : "贫农", "LastPlay" : 0 } }
2020-07-16 01:35:09.6185 AllServer 0001 (Session.cs:142) { "_t" : "C2G_StartMatch_Req", "RpcId" : 5 }
2020-07-16 01:35:09.6185 AllServer 0001 (C2G_StartMatchHandler.cs:13) 玩家开始匹配
2020-07-16 01:35:09.6584 AllServer 0001 (Session.cs:142) { "_t" : "DBQueryRequest", "RpcId" : 4, "_id" : NumberLong("101594395919"), "NeedCache" : true, "CollectionName" : "UserInfo" }
2020-07-16 01:35:09.6794 AllServer 0001 (Session.cs:142) { "_t" : "DBQueryResponse", "RpcId" : 4, "Error" : 0, "Message" : null, "Component" : { "_t" : "UserInfo", "_id" : NumberLong("101594395919"), "C" : [], "UserName" : "test0", "Level" : 1, "Money" : NumberLong(10000), "Phone" : NumberLong(12324), "Email" : "axuyin", "Sex" : "男", "Title" : "贫农", "LastPlay" : 0 } }
2020-07-16 01:35:09.7142 AllServer 0001 (GateHelper.cs:50) 127.0.0.1:20002
2020-07-16 01:35:09.7786 AllServer 0001 (Session.cs:142) { "_t" : "EnterMatchs_G2M", "RpcId" : 0, "UserID" : NumberLong("101594395919"), "GActorID" : NumberLong("281474976710735"), "CActorID" : NumberLong("281474976710734") }
2020-07-16 01:35:09.8103 AllServer 0001 (Session.cs:142) { "_t" : "C2G_GetUserInfoInRoom_Req", "RpcId" : 6, "UserID" : NumberLong("101594395919") }
2020-07-16 01:35:09.8846 AllServer 0001 (Session.cs:142) { "_t" : "ObjectAddRequest", "RpcId" : 5, "Key" : NumberLong("281474976710744"), "InstanceId" : NumberLong("281474976710744") }
2020-07-16 01:35:09.9033 AllServer 0001 (Session.cs:142) { "_t" : "DBQueryRequest", "RpcId" : 6, "_id" : NumberLong("101594395919"), "NeedCache" : true, "CollectionName" : "UserInfo" }
2020-07-16 01:35:09.9033 AllServer 0001 (Session.cs:142) { "_t" : "ObjectAddResponse", "RpcId" : 5, "Error" : 0, "Message" : null }
2020-07-16 01:35:09.9193 AllServer 0001 (LandMatchComponentSystem.cs:53) 一位玩家加入队列
2020-07-16 01:35:09.9193 AllServer 0001 (LandMatchComponentSystem.cs:146) 转发给了客户端一条消息，客户端Session：281474976710734
2020-07-16 01:35:09.9563 AllServer 0001 (Session.cs:142) { "_t" : "DBQueryResponse", "RpcId" : 6, "Error" : 0, "Message" : null, "Component" : { "_t" : "UserInfo", "_id" : NumberLong("101594395919"), "C" : [], "UserName" : "test0", "Level" : 1, "Money" : NumberLong(10000), "Phone" : NumberLong(12324), "Email" : "axuyin", "Sex" : "男", "Title" : "贫农", "LastPlay" : 0 } }
2020-07-16 01:35:09.9764 AllServer 0001 (Session.cs:142) { "_t" : "Actor_LandMatcherPlusOne_NTT", "RpcId" : 0, "ActorId" : NumberLong("281474976710734"), "MatchingNumber" : 1 }
2020-07-16 01:35:09.9906 AllServer 0001 (Session.cs:142) { "_t" : "ObjectAddRequest", "RpcId" : 7, "Key" : NumberLong("281474976710746"), "InstanceId" : NumberLong("281474976710746") }
2020-07-16 01:35:10.0829 AllServer 0001 (Session.cs:142) { "_t" : "ObjectAddResponse", "RpcId" : 7, "Error" : 0, "Message" : null }
2020-07-16 01:35:10.1226 AllServer 0001 (Session.cs:142) { "_t" : "Actor_GamerEnterRoom_Ntt", "RpcId" : 0, "ActorId" : NumberLong("281474976710734"), "Gamers" : [{ "UserID" : NumberLong("101594395919") }, { "UserID" : NumberLong(0) }, { "UserID" : NumberLong(0) }] }
2020-07-16 01:35:10.1419 AllServer 0001 (Session.cs:142) { "_t" : "T_MatchSucess_M2G", "RpcId" : 0, "UserID" : NumberLong("101594395919"), "GamerID" : NumberLong("281474976710744") }
2020-07-16 01:35:56.7590 AllServer 0001 (Session.cs:142) { "_t" : "A0005_PlayerOffline_G2R", "RpcId" : 0, "UserID" : NumberLong("101594395919") }
2020-07-16 01:42:08.9970 AllServer 0001 (Session.cs:142) { "_t" : "C2G_TestMessage", "RpcId" : 1, "Info" : "==>>服务端的朋友,你好!收到请回答" }
2020-07-16 01:42:16.8445 AllServer 0001 (Session.cs:142) { "_t" : "A0002_Login_C2R", "RpcId" : 2, "Account" : "test0", "Password" : "123" }
2020-07-16 01:42:16.8445 AllServer 0001 (Session.cs:142) { "_t" : "DBQueryJsonRequest", "RpcId" : 8, "CollectionName" : "AccountInfo", "Json" : "{Account:'test0',Password:'123'}" }
2020-07-16 01:42:16.8776 AllServer 0001 (Session.cs:142) { "_t" : "DBQueryJsonResponse", "Components" : [{ "_t" : "AccountInfo", "_id" : NumberLong("101594395919"), "C" : [], "Account" : "test0", "Password" : "123" }], "RpcId" : 8, "Error" : 0, "Message" : null }
2020-07-16 01:42:16.8776 AllServer 0001 (Session.cs:142) { "_t" : "A0006_GetLoginKey_R2G", "RpcId" : 9, "UserID" : NumberLong("101594395919") }
2020-07-16 01:42:16.8876 AllServer 0001 (Session.cs:142) { "_t" : "A0006_GetLoginKey_G2R", "RpcId" : 9, "Error" : 0, "Message" : null, "GateLoginKey" : NumberLong("-8955357178019929363") }
2020-07-16 01:42:16.9274 AllServer 0001 (Session.cs:142) { "_t" : "A0003_LoginGate_C2G", "RpcId" : 3, "GateLoginKey" : NumberLong("-8955357178019929363") }
2020-07-16 01:42:16.9535 AllServer 0001 (Session.cs:142) { "_t" : "A0004_PlayerOnline_G2R", "RpcId" : 0, "UserID" : NumberLong("101594395919"), "GateAppID" : 1 }
2020-07-16 01:42:16.9795 AllServer 0001 (Session.cs:142) { "_t" : "A1001_GetUserInfo_C2G", "RpcId" : 4 }
2020-07-16 01:42:16.9795 AllServer 0001 (Session.cs:142) { "_t" : "DBQueryRequest", "RpcId" : 10, "_id" : NumberLong("101594395919"), "NeedCache" : true, "CollectionName" : "UserInfo" }
2020-07-16 01:42:16.9795 AllServer 0001 (Session.cs:142) { "_t" : "DBQueryResponse", "RpcId" : 10, "Error" : 0, "Message" : null, "Component" : { "_t" : "UserInfo", "_id" : NumberLong("101594395919"), "C" : [], "UserName" : "test0", "Level" : 1, "Money" : NumberLong(10000), "Phone" : NumberLong(12324), "Email" : "axuyin", "Sex" : "男", "Title" : "贫农", "LastPlay" : 0 } }
2020-07-16 01:42:19.1566 AllServer 0001 (Session.cs:142) { "_t" : "C2G_StartMatch_Req", "RpcId" : 5 }
2020-07-16 01:42:19.1566 AllServer 0001 (C2G_StartMatchHandler.cs:13) 玩家开始匹配
2020-07-16 01:42:19.1566 AllServer 0001 (Session.cs:142) { "_t" : "DBQueryRequest", "RpcId" : 11, "_id" : NumberLong("101594395919"), "NeedCache" : true, "CollectionName" : "UserInfo" }
2020-07-16 01:42:19.1667 AllServer 0001 (Session.cs:142) { "_t" : "DBQueryResponse", "RpcId" : 11, "Error" : 0, "Message" : null, "Component" : { "_t" : "UserInfo", "_id" : NumberLong("101594395919"), "C" : [], "UserName" : "test0", "Level" : 1, "Money" : NumberLong(10000), "Phone" : NumberLong(12324), "Email" : "axuyin", "Sex" : "男", "Title" : "贫农", "LastPlay" : 0 } }
2020-07-16 01:42:19.1667 AllServer 0001 (GateHelper.cs:50) 127.0.0.1:20002
2020-07-16 01:42:19.1667 AllServer 0001 (Session.cs:142) { "_t" : "EnterMatchs_G2M", "RpcId" : 0, "UserID" : NumberLong("101594395919"), "GActorID" : NumberLong("281474976710761"), "CActorID" : NumberLong("281474976710760") }
2020-07-16 01:42:19.1803 AllServer 0001 (Session.cs:142) { "_t" : "Actor_MatchSucess_M2G", "ActorId" : NumberLong("281474976710761"), "GamerID" : NumberLong("281474976710744") }
2020-07-16 01:42:19.2517 AllServer 0001 (Session.cs:142) { "_t" : "C2G_GetUserInfoInRoom_Req", "RpcId" : 6, "UserID" : NumberLong("101594395919") }
2020-07-16 01:42:19.2517 AllServer 0001 (Session.cs:142) { "_t" : "DBQueryRequest", "RpcId" : 12, "_id" : NumberLong("101594395919"), "NeedCache" : true, "CollectionName" : "UserInfo" }
2020-07-16 01:42:19.2606 AllServer 0001 (Session.cs:142) { "_t" : "DBQueryResponse", "RpcId" : 12, "Error" : 0, "Message" : null, "Component" : { "_t" : "UserInfo", "_id" : NumberLong("101594395919"), "C" : [], "UserName" : "test0", "Level" : 1, "Money" : NumberLong(10000), "Phone" : NumberLong(12324), "Email" : "axuyin", "Sex" : "男", "Title" : "贫农", "LastPlay" : 0 } }
2020-07-16 01:43:44.9281 AllServer 0001 (Session.cs:142) { "_t" : "C2G_TestMessage", "RpcId" : 1, "Info" : "==>>服务端的朋友,你好!收到请回答" }
2020-07-16 01:43:51.3651 AllServer 0001 (Session.cs:142) { "_t" : "A0002_Login_C2R", "RpcId" : 2, "Account" : "test0", "Password" : "123" }
2020-07-16 01:43:51.3902 AllServer 0001 (Session.cs:142) { "_t" : "DBQueryJsonRequest", "RpcId" : 1, "CollectionName" : "AccountInfo", "Json" : "{Account:'test0',Password:'123'}" }
2020-07-16 01:43:51.7796 AllServer 0001 (Session.cs:142) { "_t" : "DBQueryJsonResponse", "Components" : [{ "_t" : "AccountInfo", "_id" : NumberLong("101594395919"), "C" : [], "Account" : "test0", "Password" : "123" }], "RpcId" : 1, "Error" : 0, "Message" : null }
2020-07-16 01:43:51.7972 AllServer 0001 (Session.cs:142) { "_t" : "A0006_GetLoginKey_R2G", "RpcId" : 2, "UserID" : NumberLong("101594395919") }
2020-07-16 01:43:51.8184 AllServer 0001 (Session.cs:142) { "_t" : "A0006_GetLoginKey_G2R", "RpcId" : 2, "Error" : 0, "Message" : null, "GateLoginKey" : NumberLong("5059845194700542236") }
2020-07-16 01:43:51.8436 AllServer 0001 (Session.cs:142) { "_t" : "A0003_LoginGate_C2G", "RpcId" : 3, "GateLoginKey" : NumberLong("5059845194700542236") }
2020-07-16 01:43:51.8697 AllServer 0001 (Session.cs:142) { "_t" : "A0004_PlayerOnline_G2R", "RpcId" : 0, "UserID" : NumberLong("101594395919"), "GateAppID" : 1 }
2020-07-16 01:43:51.8984 AllServer 0001 (Session.cs:142) { "_t" : "A1001_GetUserInfo_C2G", "RpcId" : 4 }
2020-07-16 01:43:51.9218 AllServer 0001 (Session.cs:142) { "_t" : "DBQueryRequest", "RpcId" : 3, "_id" : NumberLong("101594395919"), "NeedCache" : true, "CollectionName" : "UserInfo" }
2020-07-16 01:43:52.0356 AllServer 0001 (Session.cs:142) { "_t" : "DBQueryResponse", "RpcId" : 3, "Error" : 0, "Message" : null, "Component" : { "_t" : "UserInfo", "_id" : NumberLong("101594395919"), "C" : [], "UserName" : "test0", "Level" : 1, "Money" : NumberLong(10000), "Phone" : NumberLong(12324), "Email" : "axuyin", "Sex" : "男", "Title" : "贫农", "LastPlay" : 0 } }
2020-07-16 01:43:54.0657 AllServer 0001 (Session.cs:142) { "_t" : "C2G_StartMatch_Req", "RpcId" : 5 }
2020-07-16 01:43:54.0657 AllServer 0001 (C2G_StartMatchHandler.cs:13) 玩家开始匹配
2020-07-16 01:43:54.0743 AllServer 0001 (Session.cs:142) { "_t" : "DBQueryRequest", "RpcId" : 4, "_id" : NumberLong("101594395919"), "NeedCache" : true, "CollectionName" : "UserInfo" }
2020-07-16 01:43:54.0743 AllServer 0001 (Session.cs:142) { "_t" : "DBQueryResponse", "RpcId" : 4, "Error" : 0, "Message" : null, "Component" : { "_t" : "UserInfo", "_id" : NumberLong("101594395919"), "C" : [], "UserName" : "test0", "Level" : 1, "Money" : NumberLong(10000), "Phone" : NumberLong(12324), "Email" : "axuyin", "Sex" : "男", "Title" : "贫农", "LastPlay" : 0 } }
2020-07-16 01:43:54.0743 AllServer 0001 (GateHelper.cs:50) 127.0.0.1:20002
2020-07-16 01:43:54.0911 AllServer 0001 (Session.cs:142) { "_t" : "EnterMatchs_G2M", "RpcId" : 0, "UserID" : NumberLong("101594395919"), "GActorID" : NumberLong("281474976710733"), "CActorID" : NumberLong("281474976710732") }
2020-07-16 01:43:54.1035 AllServer 0001 (Session.cs:142) { "_t" : "ObjectAddRequest", "RpcId" : 5, "Key" : NumberLong("281474976710742"), "InstanceId" : NumberLong("281474976710742") }
2020-07-16 01:43:54.1035 AllServer 0001 (Session.cs:142) { "_t" : "C2G_GetUserInfoInRoom_Req", "RpcId" : 6, "UserID" : NumberLong("101594395919") }
2020-07-16 01:43:54.1200 AllServer 0001 (Session.cs:142) { "_t" : "ObjectAddResponse", "RpcId" : 5, "Error" : 0, "Message" : null }
2020-07-16 01:43:54.1200 AllServer 0001 (LandMatchComponentSystem.cs:53) 一位玩家加入队列
2020-07-16 01:43:54.1200 AllServer 0001 (LandMatchComponentSystem.cs:146) 转发给了客户端一条消息，客户端Session：281474976710732
2020-07-16 01:43:54.1367 AllServer 0001 (Session.cs:142) { "_t" : "DBQueryRequest", "RpcId" : 6, "_id" : NumberLong("101594395919"), "NeedCache" : true, "CollectionName" : "UserInfo" }
2020-07-16 01:43:54.1367 AllServer 0001 (Session.cs:142) { "_t" : "Actor_LandMatcherPlusOne_NTT", "RpcId" : 0, "ActorId" : NumberLong("281474976710732"), "MatchingNumber" : 1 }
2020-07-16 01:43:54.1493 AllServer 0001 (Session.cs:142) { "_t" : "ObjectAddRequest", "RpcId" : 7, "Key" : NumberLong("281474976710744"), "InstanceId" : NumberLong("281474976710744") }
2020-07-16 01:43:54.1493 AllServer 0001 (Session.cs:142) { "_t" : "DBQueryResponse", "RpcId" : 6, "Error" : 0, "Message" : null, "Component" : { "_t" : "UserInfo", "_id" : NumberLong("101594395919"), "C" : [], "UserName" : "test0", "Level" : 1, "Money" : NumberLong(10000), "Phone" : NumberLong(12324), "Email" : "axuyin", "Sex" : "男", "Title" : "贫农", "LastPlay" : 0 } }
2020-07-16 01:43:54.1493 AllServer 0001 (Session.cs:142) { "_t" : "ObjectAddResponse", "RpcId" : 7, "Error" : 0, "Message" : null }
2020-07-16 01:43:54.1746 AllServer 0001 (Session.cs:142) { "_t" : "Actor_GamerEnterRoom_Ntt", "RpcId" : 0, "ActorId" : NumberLong("281474976710732"), "Gamers" : [{ "UserID" : NumberLong("101594395919") }, { "UserID" : NumberLong(0) }, { "UserID" : NumberLong(0) }] }
2020-07-16 01:43:54.1854 AllServer 0001 (Session.cs:142) { "_t" : "T_MatchSucess_M2G", "RpcId" : 0, "UserID" : NumberLong("101594395919"), "GamerID" : NumberLong("281474976710742") }
2020-07-16 01:45:10.1647 AllServer 0001 (Session.cs:142) { "_t" : "A0005_PlayerOffline_G2R", "RpcId" : 0, "UserID" : NumberLong("101594395919") }
2020-07-16 01:48:15.7659 AllServer 0001 (Session.cs:142) { "_t" : "C2G_TestMessage", "RpcId" : 1, "Info" : "==>>服务端的朋友,你好!收到请回答" }
2020-07-16 01:48:22.6624 AllServer 0001 (Session.cs:142) { "_t" : "A0002_Login_C2R", "RpcId" : 2, "Account" : "test0", "Password" : "123" }
2020-07-16 01:48:22.6880 AllServer 0001 (Session.cs:142) { "_t" : "DBQueryJsonRequest", "RpcId" : 1, "CollectionName" : "AccountInfo", "Json" : "{Account:'test0',Password:'123'}" }
2020-07-16 01:48:22.9436 AllServer 0001 (Session.cs:142) { "_t" : "DBQueryJsonResponse", "Components" : [{ "_t" : "AccountInfo", "_id" : NumberLong("101594395919"), "C" : [], "Account" : "test0", "Password" : "123" }], "RpcId" : 1, "Error" : 0, "Message" : null }
2020-07-16 01:48:22.9559 AllServer 0001 (Session.cs:142) { "_t" : "A0006_GetLoginKey_R2G", "RpcId" : 2, "UserID" : NumberLong("101594395919") }
2020-07-16 01:48:22.9707 AllServer 0001 (Session.cs:142) { "_t" : "A0006_GetLoginKey_G2R", "RpcId" : 2, "Error" : 0, "Message" : null, "GateLoginKey" : NumberLong("1751731965119732281") }
2020-07-16 01:48:22.9957 AllServer 0001 (Session.cs:142) { "_t" : "A0003_LoginGate_C2G", "RpcId" : 3, "GateLoginKey" : NumberLong("1751731965119732281") }
2020-07-16 01:48:23.0257 AllServer 0001 (Session.cs:142) { "_t" : "A0004_PlayerOnline_G2R", "RpcId" : 0, "UserID" : NumberLong("101594395919"), "GateAppID" : 1 }
2020-07-16 01:48:23.0514 AllServer 0001 (Session.cs:142) { "_t" : "A1001_GetUserInfo_C2G", "RpcId" : 4 }
2020-07-16 01:48:23.0680 AllServer 0001 (Session.cs:142) { "_t" : "DBQueryRequest", "RpcId" : 3, "_id" : NumberLong("101594395919"), "NeedCache" : true, "CollectionName" : "UserInfo" }
2020-07-16 01:48:23.1912 AllServer 0001 (Session.cs:142) { "_t" : "DBQueryResponse", "RpcId" : 3, "Error" : 0, "Message" : null, "Component" : { "_t" : "UserInfo", "_id" : NumberLong("101594395919"), "C" : [], "UserName" : "test0", "Level" : 1, "Money" : NumberLong(10000), "Phone" : NumberLong(12324), "Email" : "axuyin", "Sex" : "男", "Title" : "贫农", "LastPlay" : 0 } }
2020-07-16 01:48:24.9104 AllServer 0001 (Session.cs:142) { "_t" : "C2G_StartMatch_Req", "RpcId" : 5 }
2020-07-16 01:48:24.9104 AllServer 0001 (C2G_StartMatchHandler.cs:13) 玩家开始匹配
2020-07-16 01:48:24.9184 AllServer 0001 (Session.cs:142) { "_t" : "DBQueryRequest", "RpcId" : 4, "_id" : NumberLong("101594395919"), "NeedCache" : true, "CollectionName" : "UserInfo" }
2020-07-16 01:48:24.9184 AllServer 0001 (Session.cs:142) { "_t" : "DBQueryResponse", "RpcId" : 4, "Error" : 0, "Message" : null, "Component" : { "_t" : "UserInfo", "_id" : NumberLong("101594395919"), "C" : [], "UserName" : "test0", "Level" : 1, "Money" : NumberLong(10000), "Phone" : NumberLong(12324), "Email" : "axuyin", "Sex" : "男", "Title" : "贫农", "LastPlay" : 0 } }
2020-07-16 01:48:24.9184 AllServer 0001 (GateHelper.cs:50) 127.0.0.1:20002
2020-07-16 01:48:24.9336 AllServer 0001 (Session.cs:142) { "_t" : "EnterMatchs_G2M", "RpcId" : 0, "UserID" : NumberLong("101594395919"), "GActorID" : NumberLong("281474976710733"), "CActorID" : NumberLong("281474976710732") }
2020-07-16 01:48:24.9336 AllServer 0001 (Session.cs:142) { "_t" : "ObjectAddRequest", "RpcId" : 5, "Key" : NumberLong("281474976710742"), "InstanceId" : NumberLong("281474976710742") }
2020-07-16 01:48:24.9455 AllServer 0001 (Session.cs:142) { "_t" : "ObjectAddResponse", "RpcId" : 5, "Error" : 0, "Message" : null }
2020-07-16 01:48:24.9455 AllServer 0001 (LandMatchComponentSystem.cs:53) 一位玩家加入队列
2020-07-16 01:48:24.9455 AllServer 0001 (LandMatchComponentSystem.cs:146) 转发给了客户端一条消息，客户端Session：281474976710732
2020-07-16 01:48:24.9749 AllServer 0001 (Session.cs:142) { "_t" : "C2G_GetUserInfoInRoom_Req", "RpcId" : 6, "UserID" : NumberLong("101594395919") }
2020-07-16 01:48:24.9825 AllServer 0001 (Session.cs:142) { "_t" : "Actor_LandMatcherPlusOne_NTT", "RpcId" : 0, "ActorId" : NumberLong("281474976710732"), "MatchingNumber" : 1 }
2020-07-16 01:48:24.9825 AllServer 0001 (Session.cs:142) { "_t" : "ObjectAddRequest", "RpcId" : 6, "Key" : NumberLong("281474976710744"), "InstanceId" : NumberLong("281474976710744") }
2020-07-16 01:48:24.9956 AllServer 0001 (Session.cs:142) { "_t" : "DBQueryRequest", "RpcId" : 7, "_id" : NumberLong("101594395919"), "NeedCache" : true, "CollectionName" : "UserInfo" }
2020-07-16 01:48:24.9956 AllServer 0001 (Session.cs:142) { "_t" : "ObjectAddResponse", "RpcId" : 6, "Error" : 0, "Message" : null }
2020-07-16 01:48:25.0141 AllServer 0001 (Session.cs:142) { "_t" : "DBQueryResponse", "RpcId" : 7, "Error" : 0, "Message" : null, "Component" : { "_t" : "UserInfo", "_id" : NumberLong("101594395919"), "C" : [], "UserName" : "test0", "Level" : 1, "Money" : NumberLong(10000), "Phone" : NumberLong(12324), "Email" : "axuyin", "Sex" : "男", "Title" : "贫农", "LastPlay" : 0 } }
2020-07-16 01:48:25.0141 AllServer 0001 (Session.cs:142) { "_t" : "Actor_GamerEnterRoom_Ntt", "RpcId" : 0, "ActorId" : NumberLong("281474976710732"), "Gamers" : [{ "UserID" : NumberLong("101594395919") }, { "UserID" : NumberLong(0) }, { "UserID" : NumberLong(0) }] }
2020-07-16 01:48:25.0311 AllServer 0001 (Session.cs:142) { "_t" : "T_MatchSucess_M2G", "RpcId" : 0, "UserID" : NumberLong("101594395919"), "GamerID" : NumberLong("281474976710742") }
2020-07-16 01:48:28.4422 AllServer 0001 (Session.cs:142) { "_t" : "Actor_GamerReady_Landlords", "RpcId" : 0, "ActorId" : NumberLong(0), "UserID" : NumberLong(0) }
2020-07-16 01:48:28.4618 AllServer 0001 (Session.cs:142) { "_t" : "Actor_GamerReady_Landlords", "RpcId" : 0, "ActorId" : NumberLong("281474976710742"), "UserID" : NumberLong(0) }
2020-07-16 01:48:28.4794 AllServer 0001 (RoomSystem.cs:12) 检查游戏是否可以开始
2020-07-16 01:48:28.4980 AllServer 0001 (Session.cs:142) { "_t" : "Actor_GamerReady_Landlords", "RpcId" : 0, "ActorId" : NumberLong("281474976710732"), "UserID" : NumberLong("101594395919") }
2020-07-16 01:52:31.8259 AllServer 0001 (Session.cs:142) { "_t" : "A0005_PlayerOffline_G2R", "RpcId" : 0, "UserID" : NumberLong("101594395919") }
2020-07-16 01:56:48.7789 AllServer 0001 (Session.cs:142) { "_t" : "C2G_TestMessage", "RpcId" : 1, "Info" : "==>>服务端的朋友,你好!收到请回答" }
2020-07-16 01:56:58.5585 AllServer 0001 (Session.cs:142) { "_t" : "A0002_Login_C2R", "RpcId" : 2, "Account" : "test0", "Password" : "123" }
2020-07-16 01:56:58.6864 AllServer 0001 (Session.cs:142) { "_t" : "DBQueryJsonRequest", "RpcId" : 1, "CollectionName" : "AccountInfo", "Json" : "{Account:'test0',Password:'123'}" }
2020-07-16 01:56:59.1207 AllServer 0001 (Session.cs:142) { "_t" : "DBQueryJsonResponse", "Components" : [{ "_t" : "AccountInfo", "_id" : NumberLong("101594395919"), "C" : [], "Account" : "test0", "Password" : "123" }], "RpcId" : 1, "Error" : 0, "Message" : null }
2020-07-16 01:56:59.1548 AllServer 0001 (Session.cs:142) { "_t" : "A0006_GetLoginKey_R2G", "RpcId" : 2, "UserID" : NumberLong("101594395919") }
2020-07-16 01:56:59.1999 AllServer 0001 (Session.cs:142) { "_t" : "A0006_GetLoginKey_G2R", "RpcId" : 2, "Error" : 0, "Message" : null, "GateLoginKey" : NumberLong("-47174062871589177") }
2020-07-16 01:56:59.2335 AllServer 0001 (Session.cs:142) { "_t" : "A0003_LoginGate_C2G", "RpcId" : 3, "GateLoginKey" : NumberLong("-47174062871589177") }
2020-07-16 01:56:59.2873 AllServer 0001 (Session.cs:142) { "_t" : "A0004_PlayerOnline_G2R", "RpcId" : 0, "UserID" : NumberLong("101594395919"), "GateAppID" : 1 }
2020-07-16 01:56:59.3085 AllServer 0001 (Session.cs:142) { "_t" : "A1001_GetUserInfo_C2G", "RpcId" : 4 }
2020-07-16 01:56:59.3868 AllServer 0001 (Session.cs:142) { "_t" : "DBQueryRequest", "RpcId" : 3, "_id" : NumberLong("101594395919"), "NeedCache" : true, "CollectionName" : "UserInfo" }
2020-07-16 01:56:59.5753 AllServer 0001 (Session.cs:142) { "_t" : "DBQueryResponse", "RpcId" : 3, "Error" : 0, "Message" : null, "Component" : { "_t" : "UserInfo", "_id" : NumberLong("101594395919"), "C" : [], "UserName" : "test0", "Level" : 1, "Money" : NumberLong(10000), "Phone" : NumberLong(12324), "Email" : "axuyin", "Sex" : "男", "Title" : "贫农", "LastPlay" : 0 } }
2020-07-16 01:57:11.2204 AllServer 0001 (Session.cs:142) { "_t" : "C2G_TestMessage", "RpcId" : 1, "Info" : "==>>服务端的朋友,你好!收到请回答" }
2020-07-16 01:57:23.1631 AllServer 0001 (Session.cs:142) { "_t" : "A0001_Register_C2R", "RpcId" : 2, "Account" : "test2", "Password" : "123" }
2020-07-16 01:57:23.2082 AllServer 0001 (Session.cs:142) { "_t" : "DBQueryJsonRequest", "RpcId" : 4, "CollectionName" : "AccountInfo", "Json" : "{Account:'test2'}" }
2020-07-16 01:57:23.2550 AllServer 0001 (Session.cs:142) { "_t" : "DBQueryJsonResponse", "Components" : [{ "_t" : "AccountInfo", "_id" : NumberLong("101594371605"), "C" : [], "Account" : "test2", "Password" : "123" }], "RpcId" : 4, "Error" : 0, "Message" : null }
2020-07-16 01:57:32.3018 AllServer 0001 (Session.cs:142) { "_t" : "A0002_Login_C2R", "RpcId" : 3, "Account" : "test1", "Password" : "123" }
2020-07-16 01:57:32.3118 AllServer 0001 (Session.cs:142) { "_t" : "DBQueryJsonRequest", "RpcId" : 5, "CollectionName" : "AccountInfo", "Json" : "{Account:'test1',Password:'123'}" }
2020-07-16 01:57:32.4125 AllServer 0001 (Session.cs:142) { "_t" : "DBQueryJsonResponse", "Components" : [{ "_t" : "AccountInfo", "_id" : NumberLong("101594351809"), "C" : [], "Account" : "test1", "Password" : "123" }], "RpcId" : 5, "Error" : 0, "Message" : null }
2020-07-16 01:57:32.4296 AllServer 0001 (Session.cs:142) { "_t" : "A0006_GetLoginKey_R2G", "RpcId" : 6, "UserID" : NumberLong("101594351809") }
2020-07-16 01:57:32.4474 AllServer 0001 (Session.cs:142) { "_t" : "A0006_GetLoginKey_G2R", "RpcId" : 6, "Error" : 0, "Message" : null, "GateLoginKey" : NumberLong("-7377604267456252544") }
2020-07-16 01:57:32.4474 AllServer 0001 (Session.cs:142) { "_t" : "A0003_LoginGate_C2G", "RpcId" : 4, "GateLoginKey" : NumberLong("-7377604267456252544") }
2020-07-16 01:57:32.4662 AllServer 0001 (Session.cs:142) { "_t" : "A0004_PlayerOnline_G2R", "RpcId" : 0, "UserID" : NumberLong("101594351809"), "GateAppID" : 1 }
2020-07-16 01:57:32.4852 AllServer 0001 (Session.cs:142) { "_t" : "A1001_GetUserInfo_C2G", "RpcId" : 5 }
2020-07-16 01:57:32.4929 AllServer 0001 (Session.cs:142) { "_t" : "DBQueryRequest", "RpcId" : 7, "_id" : NumberLong("101594351809"), "NeedCache" : true, "CollectionName" : "UserInfo" }
2020-07-16 01:57:32.6763 AllServer 0001 (Session.cs:142) { "_t" : "DBQueryResponse", "RpcId" : 7, "Error" : 0, "Message" : null, "Component" : { "_t" : "UserInfo", "_id" : NumberLong("101594351809"), "C" : [], "UserName" : "test1", "Level" : 1, "Money" : NumberLong(10000), "Phone" : NumberLong(0), "Email" : null, "Sex" : null, "Title" : null, "LastPlay" : 0 } }
2020-07-16 01:57:44.8762 AllServer 0001 (Session.cs:142) { "_t" : "A0005_PlayerOffline_G2R", "RpcId" : 0, "UserID" : NumberLong("101594351809") }
2020-07-16 01:57:57.4460 AllServer 0001 (Session.cs:142) { "_t" : "C2G_TestMessage", "RpcId" : 1, "Info" : "==>>服务端的朋友,你好!收到请回答" }
2020-07-16 01:58:11.1631 AllServer 0001 (Session.cs:142) { "_t" : "A0001_Register_C2R", "RpcId" : 2, "Account" : "test3", "Password" : "123" }
2020-07-16 01:58:11.1884 AllServer 0001 (Session.cs:142) { "_t" : "DBQueryJsonRequest", "RpcId" : 8, "CollectionName" : "AccountInfo", "Json" : "{Account:'test3'}" }
2020-07-16 01:58:11.2887 AllServer 0001 (Session.cs:142) { "_t" : "DBQueryJsonResponse", "Components" : [], "RpcId" : 8, "Error" : 0, "Message" : null }
2020-07-16 01:58:11.4757 AllServer 0001 (Session.cs:142) { "_t" : "DBSaveRequest", "RpcId" : 9, "NeedCache" : true, "CollectionName" : null, "Component" : { "_t" : "AccountInfo", "_id" : NumberLong("101594835892"), "C" : [], "Account" : "test3", "Password" : "123" } }
2020-07-16 01:58:11.7862 AllServer 0001 (Session.cs:142) { "_t" : "DBSaveResponse", "RpcId" : 9, "Error" : 0, "Message" : null }
2020-07-16 01:58:11.7932 AllServer 0001 (Session.cs:142) { "_t" : "DBSaveRequest", "RpcId" : 10, "NeedCache" : true, "CollectionName" : null, "Component" : { "_t" : "UserInfo", "_id" : NumberLong("101594835892"), "C" : [], "UserName" : "test3", "Level" : 1, "Money" : NumberLong(10000), "Phone" : NumberLong(0), "Email" : "", "Sex" : "", "Title" : "贫农", "LastPlay" : 0 } }
2020-07-16 01:58:11.8099 AllServer 0001 (Session.cs:142) { "_t" : "DBSaveResponse", "RpcId" : 10, "Error" : 0, "Message" : null }
2020-07-16 01:58:12.6804 AllServer 0001 (Session.cs:142) { "_t" : "A0002_Login_C2R", "RpcId" : 3, "Account" : "test3", "Password" : "123" }
2020-07-16 01:58:12.6804 AllServer 0001 (Session.cs:142) { "_t" : "DBQueryJsonRequest", "RpcId" : 11, "CollectionName" : "AccountInfo", "Json" : "{Account:'test3',Password:'123'}" }
2020-07-16 01:58:12.7000 AllServer 0001 (Session.cs:142) { "_t" : "DBQueryJsonResponse", "Components" : [{ "_t" : "AccountInfo", "_id" : NumberLong("101594835892"), "C" : [], "Account" : "test3", "Password" : "123" }], "RpcId" : 11, "Error" : 0, "Message" : null }
2020-07-16 01:58:12.7000 AllServer 0001 (Session.cs:142) { "_t" : "A0006_GetLoginKey_R2G", "RpcId" : 12, "UserID" : NumberLong("101594835892") }
2020-07-16 01:58:12.7000 AllServer 0001 (Session.cs:142) { "_t" : "A0006_GetLoginKey_G2R", "RpcId" : 12, "Error" : 0, "Message" : null, "GateLoginKey" : NumberLong("1269038221783167107") }
2020-07-16 01:58:12.7155 AllServer 0001 (Session.cs:142) { "_t" : "A0003_LoginGate_C2G", "RpcId" : 4, "GateLoginKey" : NumberLong("1269038221783167107") }
2020-07-16 01:58:12.7155 AllServer 0001 (Session.cs:142) { "_t" : "A0004_PlayerOnline_G2R", "RpcId" : 0, "UserID" : NumberLong("101594835892"), "GateAppID" : 1 }
2020-07-16 01:58:12.7427 AllServer 0001 (Session.cs:142) { "_t" : "A1001_GetUserInfo_C2G", "RpcId" : 5 }
2020-07-16 01:58:12.7427 AllServer 0001 (Session.cs:142) { "_t" : "DBQueryRequest", "RpcId" : 13, "_id" : NumberLong("101594835892"), "NeedCache" : true, "CollectionName" : "UserInfo" }
2020-07-16 01:58:12.7427 AllServer 0001 (Session.cs:142) { "_t" : "DBQueryResponse", "RpcId" : 13, "Error" : 0, "Message" : null, "Component" : { "_t" : "UserInfo", "_id" : NumberLong("101594835892"), "C" : [], "UserName" : "test3", "Level" : 1, "Money" : NumberLong(10000), "Phone" : NumberLong(0), "Email" : "", "Sex" : "", "Title" : "贫农", "LastPlay" : 0 } }
2020-07-16 01:58:28.3762 AllServer 0001 (Session.cs:142) { "_t" : "C2G_TestMessage", "RpcId" : 1, "Info" : "==>>服务端的朋友,你好!收到请回答" }
2020-07-16 01:58:36.8664 AllServer 0001 (Session.cs:142) { "_t" : "A0001_Register_C2R", "RpcId" : 2, "Account" : "test4", "Password" : "" }
2020-07-16 01:58:36.9304 AllServer 0001 (Session.cs:142) { "_t" : "DBQueryJsonRequest", "RpcId" : 14, "CollectionName" : "AccountInfo", "Json" : "{Account:'test4'}" }
2020-07-16 01:58:36.9966 AllServer 0001 (Session.cs:142) { "_t" : "DBQueryJsonResponse", "Components" : [], "RpcId" : 14, "Error" : 0, "Message" : null }
2020-07-16 01:58:37.0446 AllServer 0001 (Session.cs:142) { "_t" : "DBSaveRequest", "RpcId" : 15, "NeedCache" : true, "CollectionName" : null, "Component" : { "_t" : "AccountInfo", "_id" : NumberLong("101594835919"), "C" : [], "Account" : "test4", "Password" : "" } }
2020-07-16 01:58:37.0776 AllServer 0001 (Session.cs:142) { "_t" : "DBSaveResponse", "RpcId" : 15, "Error" : 0, "Message" : null }
2020-07-16 01:58:37.0996 AllServer 0001 (Session.cs:142) { "_t" : "DBSaveRequest", "RpcId" : 16, "NeedCache" : true, "CollectionName" : null, "Component" : { "_t" : "UserInfo", "_id" : NumberLong("101594835919"), "C" : [], "UserName" : "test4", "Level" : 1, "Money" : NumberLong(10000), "Phone" : NumberLong(0), "Email" : "", "Sex" : "", "Title" : "贫农", "LastPlay" : 0 } }
2020-07-16 01:58:37.2305 AllServer 0001 (Session.cs:142) { "_t" : "DBSaveResponse", "RpcId" : 16, "Error" : 0, "Message" : null }
2020-07-16 01:58:37.4190 AllServer 0001 (Session.cs:142) { "_t" : "A0001_Register_C2R", "RpcId" : 3, "Account" : "test4", "Password" : "" }
2020-07-16 01:58:37.4726 AllServer 0001 (Session.cs:142) { "_t" : "DBQueryJsonRequest", "RpcId" : 17, "CollectionName" : "AccountInfo", "Json" : "{Account:'test4'}" }
2020-07-16 01:58:37.5253 AllServer 0001 (Session.cs:142) { "_t" : "DBQueryJsonResponse", "Components" : [{ "_t" : "AccountInfo", "_id" : NumberLong("101594835919"), "C" : [], "Account" : "test4", "Password" : "" }], "RpcId" : 17, "Error" : 0, "Message" : null }
2020-07-16 01:58:47.8769 AllServer 0001 (Session.cs:142) { "_t" : "A0001_Register_C2R", "RpcId" : 4, "Account" : "test5", "Password" : "123" }
2020-07-16 01:58:48.2076 AllServer 0001 (Session.cs:142) { "_t" : "DBQueryJsonRequest", "RpcId" : 18, "CollectionName" : "AccountInfo", "Json" : "{Account:'test5'}" }
2020-07-16 01:58:48.5481 AllServer 0001 (Session.cs:142) { "_t" : "DBQueryJsonResponse", "Components" : [], "RpcId" : 18, "Error" : 0, "Message" : null }
2020-07-16 01:58:48.5644 AllServer 0001 (Session.cs:142) { "_t" : "DBSaveRequest", "RpcId" : 19, "NeedCache" : true, "CollectionName" : null, "Component" : { "_t" : "AccountInfo", "_id" : NumberLong("101594835931"), "C" : [], "Account" : "test5", "Password" : "123" } }
2020-07-16 01:58:48.6285 AllServer 0001 (Session.cs:142) { "_t" : "DBSaveResponse", "RpcId" : 19, "Error" : 0, "Message" : null }
2020-07-16 01:58:48.6426 AllServer 0001 (Session.cs:142) { "_t" : "DBSaveRequest", "RpcId" : 20, "NeedCache" : true, "CollectionName" : null, "Component" : { "_t" : "UserInfo", "_id" : NumberLong("101594835931"), "C" : [], "UserName" : "test5", "Level" : 1, "Money" : NumberLong(10000), "Phone" : NumberLong(0), "Email" : "", "Sex" : "", "Title" : "贫农", "LastPlay" : 0 } }
2020-07-16 01:58:48.7335 AllServer 0001 (Session.cs:142) { "_t" : "DBSaveResponse", "RpcId" : 20, "Error" : 0, "Message" : null }
2020-07-16 01:58:50.6221 AllServer 0001 (Session.cs:142) { "_t" : "A0002_Login_C2R", "RpcId" : 5, "Account" : "test5", "Password" : "123" }
2020-07-16 01:58:50.7235 AllServer 0001 (Session.cs:142) { "_t" : "DBQueryJsonRequest", "RpcId" : 21, "CollectionName" : "AccountInfo", "Json" : "{Account:'test5',Password:'123'}" }
2020-07-16 01:58:50.9673 AllServer 0001 (Session.cs:142) { "_t" : "DBQueryJsonResponse", "Components" : [{ "_t" : "AccountInfo", "_id" : NumberLong("101594835931"), "C" : [], "Account" : "test5", "Password" : "123" }], "RpcId" : 21, "Error" : 0, "Message" : null }
2020-07-16 01:58:50.9982 AllServer 0001 (Session.cs:142) { "_t" : "A0006_GetLoginKey_R2G", "RpcId" : 22, "UserID" : NumberLong("101594835931") }
2020-07-16 01:58:51.0444 AllServer 0001 (Session.cs:142) { "_t" : "A0006_GetLoginKey_G2R", "RpcId" : 22, "Error" : 0, "Message" : null, "GateLoginKey" : NumberLong("5852026326490074183") }
2020-07-16 01:58:51.0699 AllServer 0001 (Session.cs:142) { "_t" : "A0003_LoginGate_C2G", "RpcId" : 6, "GateLoginKey" : NumberLong("5852026326490074183") }
2020-07-16 01:58:51.1127 AllServer 0001 (Session.cs:142) { "_t" : "A0004_PlayerOnline_G2R", "RpcId" : 0, "UserID" : NumberLong("101594835931"), "GateAppID" : 1 }
2020-07-16 01:58:51.1290 AllServer 0001 (Session.cs:142) { "_t" : "A1001_GetUserInfo_C2G", "RpcId" : 7 }
2020-07-16 01:58:51.1623 AllServer 0001 (Session.cs:142) { "_t" : "DBQueryRequest", "RpcId" : 23, "_id" : NumberLong("101594835931"), "NeedCache" : true, "CollectionName" : "UserInfo" }
2020-07-16 01:58:51.1881 AllServer 0001 (Session.cs:142) { "_t" : "DBQueryResponse", "RpcId" : 23, "Error" : 0, "Message" : null, "Component" : { "_t" : "UserInfo", "_id" : NumberLong("101594835931"), "C" : [], "UserName" : "test5", "Level" : 1, "Money" : NumberLong(10000), "Phone" : NumberLong(0), "Email" : "", "Sex" : "", "Title" : "贫农", "LastPlay" : 0 } }
2020-07-16 01:59:03.1784 AllServer 0001 (Session.cs:142) { "_t" : "C2G_TestMessage", "RpcId" : 1, "Info" : "==>>服务端的朋友,你好!收到请回答" }
2020-07-16 01:59:09.4997 AllServer 0001 (Session.cs:142) { "_t" : "A0001_Register_C2R", "RpcId" : 2, "Account" : "test6", "Password" : "123" }
2020-07-16 01:59:09.5917 AllServer 0001 (Session.cs:142) { "_t" : "DBQueryJsonRequest", "RpcId" : 24, "CollectionName" : "AccountInfo", "Json" : "{Account:'test6'}" }
2020-07-16 01:59:10.1215 AllServer 0001 (Session.cs:142) { "_t" : "DBQueryJsonResponse", "Components" : [], "RpcId" : 24, "Error" : 0, "Message" : null }
2020-07-16 01:59:10.1714 AllServer 0001 (Session.cs:142) { "_t" : "DBSaveRequest", "RpcId" : 25, "NeedCache" : true, "CollectionName" : null, "Component" : { "_t" : "AccountInfo", "_id" : NumberLong("101594835954"), "C" : [], "Account" : "test6", "Password" : "123" } }
2020-07-16 01:59:10.3058 AllServer 0001 (Session.cs:142) { "_t" : "DBSaveResponse", "RpcId" : 25, "Error" : 0, "Message" : null }
2020-07-16 01:59:10.3358 AllServer 0001 (Session.cs:142) { "_t" : "DBSaveRequest", "RpcId" : 26, "NeedCache" : true, "CollectionName" : null, "Component" : { "_t" : "UserInfo", "_id" : NumberLong("101594835954"), "C" : [], "UserName" : "test6", "Level" : 1, "Money" : NumberLong(10000), "Phone" : NumberLong(0), "Email" : "", "Sex" : "", "Title" : "贫农", "LastPlay" : 0 } }
2020-07-16 01:59:10.4162 AllServer 0001 (Session.cs:142) { "_t" : "DBSaveResponse", "RpcId" : 26, "Error" : 0, "Message" : null }
2020-07-16 01:59:12.2206 AllServer 0001 (Session.cs:142) { "_t" : "A0002_Login_C2R", "RpcId" : 3, "Account" : "test6", "Password" : "123" }
2020-07-16 01:59:12.2383 AllServer 0001 (Session.cs:142) { "_t" : "DBQueryJsonRequest", "RpcId" : 27, "CollectionName" : "AccountInfo", "Json" : "{Account:'test6',Password:'123'}" }
2020-07-16 01:59:12.2744 AllServer 0001 (Session.cs:142) { "_t" : "DBQueryJsonResponse", "Components" : [{ "_t" : "AccountInfo", "_id" : NumberLong("101594835954"), "C" : [], "Account" : "test6", "Password" : "123" }], "RpcId" : 27, "Error" : 0, "Message" : null }
2020-07-16 01:59:12.2744 AllServer 0001 (Session.cs:142) { "_t" : "A0006_GetLoginKey_R2G", "RpcId" : 28, "UserID" : NumberLong("101594835954") }
2020-07-16 01:59:12.3077 AllServer 0001 (Session.cs:142) { "_t" : "A0006_GetLoginKey_G2R", "RpcId" : 28, "Error" : 0, "Message" : null, "GateLoginKey" : NumberLong("4759874905205607182") }
2020-07-16 01:59:12.3264 AllServer 0001 (Session.cs:142) { "_t" : "A0003_LoginGate_C2G", "RpcId" : 4, "GateLoginKey" : NumberLong("4759874905205607182") }
2020-07-16 01:59:12.3423 AllServer 0001 (Session.cs:142) { "_t" : "A0004_PlayerOnline_G2R", "RpcId" : 0, "UserID" : NumberLong("101594835954"), "GateAppID" : 1 }
2020-07-16 01:59:12.3733 AllServer 0001 (Session.cs:142) { "_t" : "A1001_GetUserInfo_C2G", "RpcId" : 5 }
2020-07-16 01:59:12.3909 AllServer 0001 (Session.cs:142) { "_t" : "DBQueryRequest", "RpcId" : 29, "_id" : NumberLong("101594835954"), "NeedCache" : true, "CollectionName" : "UserInfo" }
2020-07-16 01:59:12.4047 AllServer 0001 (Session.cs:142) { "_t" : "DBQueryResponse", "RpcId" : 29, "Error" : 0, "Message" : null, "Component" : { "_t" : "UserInfo", "_id" : NumberLong("101594835954"), "C" : [], "UserName" : "test6", "Level" : 1, "Money" : NumberLong(10000), "Phone" : NumberLong(0), "Email" : "", "Sex" : "", "Title" : "贫农", "LastPlay" : 0 } }
2020-07-16 01:59:17.6109 AllServer 0001 (Session.cs:142) { "_t" : "C2G_StartMatch_Req", "RpcId" : 6 }
2020-07-16 01:59:17.6349 AllServer 0001 (C2G_StartMatchHandler.cs:13) 玩家开始匹配
2020-07-16 01:59:17.7466 AllServer 0001 (Session.cs:142) { "_t" : "DBQueryRequest", "RpcId" : 30, "_id" : NumberLong("101594835892"), "NeedCache" : true, "CollectionName" : "UserInfo" }
2020-07-16 01:59:17.8462 AllServer 0001 (Session.cs:142) { "_t" : "DBQueryResponse", "RpcId" : 30, "Error" : 0, "Message" : null, "Component" : { "_t" : "UserInfo", "_id" : NumberLong("101594835892"), "C" : [], "UserName" : "test3", "Level" : 1, "Money" : NumberLong(10000), "Phone" : NumberLong(0), "Email" : "", "Sex" : "", "Title" : "贫农", "LastPlay" : 0 } }
2020-07-16 01:59:18.5974 AllServer 0001 (GateHelper.cs:50) 127.0.0.1:20002
2020-07-16 01:59:18.6918 AllServer 0001 (Session.cs:142) { "_t" : "EnterMatchs_G2M", "RpcId" : 0, "UserID" : NumberLong("101594835892"), "GActorID" : NumberLong("281474976710784"), "CActorID" : NumberLong("281474976710783") }
2020-07-16 01:59:18.7704 AllServer 0001 (Session.cs:142) { "_t" : "C2G_GetUserInfoInRoom_Req", "RpcId" : 7, "UserID" : NumberLong("101594835892") }
2020-07-16 01:59:18.8743 AllServer 0001 (Session.cs:142) { "_t" : "ObjectAddRequest", "RpcId" : 31, "Key" : NumberLong("281474976710850"), "InstanceId" : NumberLong("281474976710850") }
2020-07-16 01:59:19.0058 AllServer 0001 (Session.cs:142) { "_t" : "DBQueryRequest", "RpcId" : 32, "_id" : NumberLong("101594835892"), "NeedCache" : true, "CollectionName" : "UserInfo" }
2020-07-16 01:59:19.0975 AllServer 0001 (Session.cs:142) { "_t" : "ObjectAddResponse", "RpcId" : 31, "Error" : 0, "Message" : null }
2020-07-16 01:59:19.1810 AllServer 0001 (LandMatchComponentSystem.cs:53) 一位玩家加入队列
2020-07-16 01:59:19.2319 AllServer 0001 (LandMatchComponentSystem.cs:146) 转发给了客户端一条消息，客户端Session：281474976710783
2020-07-16 01:59:19.3427 AllServer 0001 (Session.cs:142) { "_t" : "DBQueryResponse", "RpcId" : 32, "Error" : 0, "Message" : null, "Component" : { "_t" : "UserInfo", "_id" : NumberLong("101594835892"), "C" : [], "UserName" : "test3", "Level" : 1, "Money" : NumberLong(10000), "Phone" : NumberLong(0), "Email" : "", "Sex" : "", "Title" : "贫农", "LastPlay" : 0 } }
2020-07-16 01:59:19.4438 AllServer 0001 (Session.cs:142) { "_t" : "Actor_LandMatcherPlusOne_NTT", "RpcId" : 0, "ActorId" : NumberLong("281474976710783"), "MatchingNumber" : 1 }
2020-07-16 01:59:19.5451 AllServer 0001 (Session.cs:142) { "_t" : "ObjectAddRequest", "RpcId" : 33, "Key" : NumberLong("281474976710852"), "InstanceId" : NumberLong("281474976710852") }
2020-07-16 01:59:19.6264 AllServer 0001 (Session.cs:142) { "_t" : "ObjectAddResponse", "RpcId" : 33, "Error" : 0, "Message" : null }
2020-07-16 01:59:19.8248 AllServer 0001 (Session.cs:142) { "_t" : "Actor_GamerEnterRoom_Ntt", "RpcId" : 0, "ActorId" : NumberLong("281474976710783"), "Gamers" : [{ "UserID" : NumberLong("101594835892") }, { "UserID" : NumberLong(0) }, { "UserID" : NumberLong(0) }] }
2020-07-16 01:59:19.9147 AllServer 0001 (Session.cs:142) { "_t" : "T_MatchSucess_M2G", "RpcId" : 0, "UserID" : NumberLong("101594835892"), "GamerID" : NumberLong("281474976710850") }
2020-07-16 01:59:22.2898 AllServer 0001 (Session.cs:142) { "_t" : "C2G_StartMatch_Req", "RpcId" : 6 }
2020-07-16 01:59:22.5849 AllServer 0001 (C2G_StartMatchHandler.cs:13) 玩家开始匹配
2020-07-16 01:59:22.6936 AllServer 0001 (Session.cs:142) { "_t" : "DBQueryRequest", "RpcId" : 34, "_id" : NumberLong("101594835954"), "NeedCache" : true, "CollectionName" : "UserInfo" }
2020-07-16 01:59:22.7429 AllServer 0001 (Session.cs:142) { "_t" : "DBQueryResponse", "RpcId" : 34, "Error" : 0, "Message" : null, "Component" : { "_t" : "UserInfo", "_id" : NumberLong("101594835954"), "C" : [], "UserName" : "test6", "Level" : 1, "Money" : NumberLong(10000), "Phone" : NumberLong(0), "Email" : "", "Sex" : "", "Title" : "贫农", "LastPlay" : 0 } }
2020-07-16 01:59:22.7842 AllServer 0001 (GateHelper.cs:50) 127.0.0.1:20002
2020-07-16 01:59:22.8294 AllServer 0001 (Session.cs:142) { "_t" : "EnterMatchs_G2M", "RpcId" : 0, "UserID" : NumberLong("101594835954"), "GActorID" : NumberLong("281474976710844"), "CActorID" : NumberLong("281474976710843") }
2020-07-16 01:59:22.9164 AllServer 0001 (Session.cs:142) { "_t" : "C2G_GetUserInfoInRoom_Req", "RpcId" : 7, "UserID" : NumberLong("101594835954") }
2020-07-16 01:59:22.9651 AllServer 0001 (Session.cs:142) { "_t" : "ObjectAddRequest", "RpcId" : 35, "Key" : NumberLong("281474976710856"), "InstanceId" : NumberLong("281474976710856") }
2020-07-16 01:59:23.1462 AllServer 0001 (Session.cs:142) { "_t" : "DBQueryRequest", "RpcId" : 36, "_id" : NumberLong("101594835954"), "NeedCache" : true, "CollectionName" : "UserInfo" }
2020-07-16 01:59:23.2224 AllServer 0001 (Session.cs:142) { "_t" : "ObjectAddResponse", "RpcId" : 35, "Error" : 0, "Message" : null }
2020-07-16 01:59:23.2564 AllServer 0001 (LandMatchComponentSystem.cs:53) 一位玩家加入队列
2020-07-16 01:59:23.3059 AllServer 0001 (LandMatchComponentSystem.cs:146) 转发给了客户端一条消息，客户端Session：281474976710843
2020-07-16 01:59:23.3585 AllServer 0001 (Session.cs:142) { "_t" : "DBQueryResponse", "RpcId" : 36, "Error" : 0, "Message" : null, "Component" : { "_t" : "UserInfo", "_id" : NumberLong("101594835954"), "C" : [], "UserName" : "test6", "Level" : 1, "Money" : NumberLong(10000), "Phone" : NumberLong(0), "Email" : "", "Sex" : "", "Title" : "贫农", "LastPlay" : 0 } }
2020-07-16 01:59:23.3860 AllServer 0001 (Session.cs:142) { "_t" : "Actor_LandMatcherPlusOne_NTT", "RpcId" : 0, "ActorId" : NumberLong("281474976710843"), "MatchingNumber" : 1 }
2020-07-16 01:59:23.4112 AllServer 0001 (Session.cs:142) { "_t" : "Actor_GamerEnterRoom_Ntt", "RpcId" : 0, "ActorId" : NumberLong("281474976710783"), "Gamers" : [{ "UserID" : NumberLong("101594835892") }, { "UserID" : NumberLong("101594835954") }, { "UserID" : NumberLong(0) }] }
2020-07-16 01:59:23.4463 AllServer 0001 (Session.cs:142) { "_t" : "Actor_GamerEnterRoom_Ntt", "RpcId" : 0, "ActorId" : NumberLong("281474976710843"), "Gamers" : [{ "UserID" : NumberLong("101594835892") }, { "UserID" : NumberLong("101594835954") }, { "UserID" : NumberLong(0) }] }
2020-07-16 01:59:23.4768 AllServer 0001 (Session.cs:142) { "_t" : "T_MatchSucess_M2G", "RpcId" : 0, "UserID" : NumberLong("101594835954"), "GamerID" : NumberLong("281474976710856") }
2020-07-16 01:59:23.5346 AllServer 0001 (Session.cs:142) { "_t" : "C2G_GetUserInfoInRoom_Req", "RpcId" : 8, "UserID" : NumberLong("101594835954") }
2020-07-16 01:59:23.5534 AllServer 0001 (Session.cs:142) { "_t" : "C2G_GetUserInfoInRoom_Req", "RpcId" : 8, "UserID" : NumberLong("101594835892") }
2020-07-16 01:59:23.6161 AllServer 0001 (Session.cs:142) { "_t" : "DBQueryRequest", "RpcId" : 37, "_id" : NumberLong("101594835954"), "NeedCache" : true, "CollectionName" : "UserInfo" }
2020-07-16 01:59:23.6349 AllServer 0001 (Session.cs:142) { "_t" : "DBQueryRequest", "RpcId" : 38, "_id" : NumberLong("101594835892"), "NeedCache" : true, "CollectionName" : "UserInfo" }
2020-07-16 01:59:23.6646 AllServer 0001 (Session.cs:142) { "_t" : "DBQueryResponse", "RpcId" : 37, "Error" : 0, "Message" : null, "Component" : { "_t" : "UserInfo", "_id" : NumberLong("101594835954"), "C" : [], "UserName" : "test6", "Level" : 1, "Money" : NumberLong(10000), "Phone" : NumberLong(0), "Email" : "", "Sex" : "", "Title" : "贫农", "LastPlay" : 0 } }
2020-07-16 01:59:23.6846 AllServer 0001 (Session.cs:142) { "_t" : "DBQueryResponse", "RpcId" : 38, "Error" : 0, "Message" : null, "Component" : { "_t" : "UserInfo", "_id" : NumberLong("101594835892"), "C" : [], "UserName" : "test3", "Level" : 1, "Money" : NumberLong(10000), "Phone" : NumberLong(0), "Email" : "", "Sex" : "", "Title" : "贫农", "LastPlay" : 0 } }
2020-07-16 01:59:25.4164 AllServer 0001 (Session.cs:142) { "_t" : "C2G_StartMatch_Req", "RpcId" : 5 }
2020-07-16 01:59:25.5034 AllServer 0001 (C2G_StartMatchHandler.cs:13) 玩家开始匹配
2020-07-16 01:59:25.5858 AllServer 0001 (Session.cs:142) { "_t" : "DBQueryRequest", "RpcId" : 39, "_id" : NumberLong("101594395919"), "NeedCache" : true, "CollectionName" : "UserInfo" }
2020-07-16 01:59:25.6736 AllServer 0001 (Session.cs:142) { "_t" : "DBQueryResponse", "RpcId" : 39, "Error" : 0, "Message" : null, "Component" : { "_t" : "UserInfo", "_id" : NumberLong("101594395919"), "C" : [], "UserName" : "test0", "Level" : 1, "Money" : NumberLong(10000), "Phone" : NumberLong(12324), "Email" : "axuyin", "Sex" : "男", "Title" : "贫农", "LastPlay" : 0 } }
2020-07-16 01:59:25.7360 AllServer 0001 (GateHelper.cs:50) 127.0.0.1:20002
2020-07-16 01:59:25.8348 AllServer 0001 (Session.cs:142) { "_t" : "EnterMatchs_G2M", "RpcId" : 0, "UserID" : NumberLong("101594395919"), "GActorID" : NumberLong("281474976710733"), "CActorID" : NumberLong("281474976710732") }
2020-07-16 01:59:25.8825 AllServer 0001 (Session.cs:142) { "_t" : "C2G_GetUserInfoInRoom_Req", "RpcId" : 6, "UserID" : NumberLong("101594395919") }
2020-07-16 01:59:25.9653 AllServer 0001 (Session.cs:142) { "_t" : "ObjectAddRequest", "RpcId" : 40, "Key" : NumberLong("281474976710862"), "InstanceId" : NumberLong("281474976710862") }
2020-07-16 01:59:26.1717 AllServer 0001 (Session.cs:142) { "_t" : "DBQueryRequest", "RpcId" : 41, "_id" : NumberLong("101594395919"), "NeedCache" : true, "CollectionName" : "UserInfo" }
2020-07-16 01:59:26.2234 AllServer 0001 (Session.cs:142) { "_t" : "ObjectAddResponse", "RpcId" : 40, "Error" : 0, "Message" : null }
2020-07-16 01:59:26.2490 AllServer 0001 (LandMatchComponentSystem.cs:53) 一位玩家加入队列
2020-07-16 01:59:26.3036 AllServer 0001 (LandMatchComponentSystem.cs:146) 转发给了客户端一条消息，客户端Session：281474976710732
2020-07-16 01:59:26.3978 AllServer 0001 (Session.cs:142) { "_t" : "DBQueryResponse", "RpcId" : 41, "Error" : 0, "Message" : null, "Component" : { "_t" : "UserInfo", "_id" : NumberLong("101594395919"), "C" : [], "UserName" : "test0", "Level" : 1, "Money" : NumberLong(10000), "Phone" : NumberLong(12324), "Email" : "axuyin", "Sex" : "男", "Title" : "贫农", "LastPlay" : 0 } }
2020-07-16 01:59:26.4658 AllServer 0001 (Session.cs:142) { "_t" : "Actor_LandMatcherPlusOne_NTT", "RpcId" : 0, "ActorId" : NumberLong("281474976710732"), "MatchingNumber" : 1 }
2020-07-16 01:59:26.5064 AllServer 0001 (Session.cs:142) { "_t" : "Actor_GamerEnterRoom_Ntt", "RpcId" : 0, "ActorId" : NumberLong("281474976710783"), "Gamers" : [{ "UserID" : NumberLong("101594835892") }, { "UserID" : NumberLong("101594835954") }, { "UserID" : NumberLong("101594395919") }] }
2020-07-16 01:59:26.5510 AllServer 0001 (Session.cs:142) { "_t" : "Actor_GamerEnterRoom_Ntt", "RpcId" : 0, "ActorId" : NumberLong("281474976710843"), "Gamers" : [{ "UserID" : NumberLong("101594835892") }, { "UserID" : NumberLong("101594835954") }, { "UserID" : NumberLong("101594395919") }] }
2020-07-16 01:59:26.5842 AllServer 0001 (Session.cs:142) { "_t" : "Actor_GamerEnterRoom_Ntt", "RpcId" : 0, "ActorId" : NumberLong("281474976710732"), "Gamers" : [{ "UserID" : NumberLong("101594835892") }, { "UserID" : NumberLong("101594835954") }, { "UserID" : NumberLong("101594395919") }] }
2020-07-16 01:59:26.6183 AllServer 0001 (Session.cs:142) { "_t" : "T_MatchSucess_M2G", "RpcId" : 0, "UserID" : NumberLong("101594395919"), "GamerID" : NumberLong("281474976710862") }
2020-07-16 01:59:26.7742 AllServer 0001 (Session.cs:142) { "_t" : "C2G_GetUserInfoInRoom_Req", "RpcId" : 9, "UserID" : NumberLong("101594395919") }
2020-07-16 01:59:26.7905 AllServer 0001 (Session.cs:142) { "_t" : "C2G_GetUserInfoInRoom_Req", "RpcId" : 9, "UserID" : NumberLong("101594395919") }
2020-07-16 01:59:26.7905 AllServer 0001 (Session.cs:142) { "_t" : "C2G_GetUserInfoInRoom_Req", "RpcId" : 7, "UserID" : NumberLong("101594835892") }
2020-07-16 01:59:26.8161 AllServer 0001 (Session.cs:142) { "_t" : "C2G_GetUserInfoInRoom_Req", "RpcId" : 8, "UserID" : NumberLong("101594835954") }
2020-07-16 01:59:26.8447 AllServer 0001 (Session.cs:142) { "_t" : "DBQueryRequest", "RpcId" : 42, "_id" : NumberLong("101594395919"), "NeedCache" : true, "CollectionName" : "UserInfo" }
2020-07-16 01:59:26.8666 AllServer 0001 (Session.cs:142) { "_t" : "DBQueryRequest", "RpcId" : 43, "_id" : NumberLong("101594395919"), "NeedCache" : true, "CollectionName" : "UserInfo" }
2020-07-16 01:59:26.8819 AllServer 0001 (Session.cs:142) { "_t" : "DBQueryRequest", "RpcId" : 44, "_id" : NumberLong("101594835892"), "NeedCache" : true, "CollectionName" : "UserInfo" }
2020-07-16 01:59:26.8972 AllServer 0001 (Session.cs:142) { "_t" : "DBQueryRequest", "RpcId" : 45, "_id" : NumberLong("101594835954"), "NeedCache" : true, "CollectionName" : "UserInfo" }
2020-07-16 01:59:26.9130 AllServer 0001 (Session.cs:142) { "_t" : "DBQueryResponse", "RpcId" : 42, "Error" : 0, "Message" : null, "Component" : { "_t" : "UserInfo", "_id" : NumberLong("101594395919"), "C" : [], "UserName" : "test0", "Level" : 1, "Money" : NumberLong(10000), "Phone" : NumberLong(12324), "Email" : "axuyin", "Sex" : "男", "Title" : "贫农", "LastPlay" : 0 } }
2020-07-16 01:59:26.9436 AllServer 0001 (Session.cs:142) { "_t" : "DBQueryResponse", "RpcId" : 43, "Error" : 0, "Message" : null, "Component" : { "_t" : "UserInfo", "_id" : NumberLong("101594395919"), "C" : [], "UserName" : "test0", "Level" : 1, "Money" : NumberLong(10000), "Phone" : NumberLong(12324), "Email" : "axuyin", "Sex" : "男", "Title" : "贫农", "LastPlay" : 0 } }
2020-07-16 01:59:27.0353 AllServer 0001 (Session.cs:142) { "_t" : "DBQueryResponse", "RpcId" : 44, "Error" : 0, "Message" : null, "Component" : { "_t" : "UserInfo", "_id" : NumberLong("101594835892"), "C" : [], "UserName" : "test3", "Level" : 1, "Money" : NumberLong(10000), "Phone" : NumberLong(0), "Email" : "", "Sex" : "", "Title" : "贫农", "LastPlay" : 0 } }
2020-07-16 01:59:27.0591 AllServer 0001 (Session.cs:142) { "_t" : "DBQueryResponse", "RpcId" : 45, "Error" : 0, "Message" : null, "Component" : { "_t" : "UserInfo", "_id" : NumberLong("101594835954"), "C" : [], "UserName" : "test6", "Level" : 1, "Money" : NumberLong(10000), "Phone" : NumberLong(0), "Email" : "", "Sex" : "", "Title" : "贫农", "LastPlay" : 0 } }
2020-07-16 01:59:28.2950 AllServer 0001 (Session.cs:142) { "_t" : "C2G_StartMatch_Req", "RpcId" : 8 }
2020-07-16 01:59:28.3568 AllServer 0001 (C2G_StartMatchHandler.cs:13) 玩家开始匹配
2020-07-16 01:59:28.6027 AllServer 0001 (Session.cs:142) { "_t" : "DBQueryRequest", "RpcId" : 46, "_id" : NumberLong("101594835931"), "NeedCache" : true, "CollectionName" : "UserInfo" }
2020-07-16 01:59:28.6481 AllServer 0001 (Session.cs:142) { "_t" : "DBQueryResponse", "RpcId" : 46, "Error" : 0, "Message" : null, "Component" : { "_t" : "UserInfo", "_id" : NumberLong("101594835931"), "C" : [], "UserName" : "test5", "Level" : 1, "Money" : NumberLong(10000), "Phone" : NumberLong(0), "Email" : "", "Sex" : "", "Title" : "贫农", "LastPlay" : 0 } }
2020-07-16 01:59:28.6954 AllServer 0001 (GateHelper.cs:50) 127.0.0.1:20002
2020-07-16 01:59:28.8000 AllServer 0001 (Session.cs:142) { "_t" : "EnterMatchs_G2M", "RpcId" : 0, "UserID" : NumberLong("101594835931"), "GActorID" : NumberLong("281474976710821"), "CActorID" : NumberLong("281474976710820") }
2020-07-16 01:59:28.8401 AllServer 0001 (Session.cs:142) { "_t" : "C2G_GetUserInfoInRoom_Req", "RpcId" : 9, "UserID" : NumberLong("101594835931") }
2020-07-16 01:59:28.8901 AllServer 0001 (Session.cs:142) { "_t" : "ObjectAddRequest", "RpcId" : 47, "Key" : NumberLong("281474976710870"), "InstanceId" : NumberLong("281474976710870") }
2020-07-16 01:59:29.0015 AllServer 0001 (Session.cs:142) { "_t" : "DBQueryRequest", "RpcId" : 48, "_id" : NumberLong("101594835931"), "NeedCache" : true, "CollectionName" : "UserInfo" }
2020-07-16 01:59:29.0386 AllServer 0001 (Session.cs:142) { "_t" : "ObjectAddResponse", "RpcId" : 47, "Error" : 0, "Message" : null }
2020-07-16 01:59:29.0847 AllServer 0001 (LandMatchComponentSystem.cs:53) 一位玩家加入队列
2020-07-16 01:59:29.1060 AllServer 0001 (LandMatchComponentSystem.cs:146) 转发给了客户端一条消息，客户端Session：281474976710820
2020-07-16 01:59:29.1359 AllServer 0001 (Session.cs:142) { "_t" : "DBQueryResponse", "RpcId" : 48, "Error" : 0, "Message" : null, "Component" : { "_t" : "UserInfo", "_id" : NumberLong("101594835931"), "C" : [], "UserName" : "test5", "Level" : 1, "Money" : NumberLong(10000), "Phone" : NumberLong(0), "Email" : "", "Sex" : "", "Title" : "贫农", "LastPlay" : 0 } }
2020-07-16 01:59:29.1852 AllServer 0001 (Session.cs:142) { "_t" : "Actor_LandMatcherPlusOne_NTT", "RpcId" : 0, "ActorId" : NumberLong("281474976710820"), "MatchingNumber" : 1 }
2020-07-16 01:59:29.2402 AllServer 0001 (Session.cs:142) { "_t" : "ObjectAddRequest", "RpcId" : 49, "Key" : NumberLong("281474976710872"), "InstanceId" : NumberLong("281474976710872") }
2020-07-16 01:59:29.3022 AllServer 0001 (Session.cs:142) { "_t" : "ObjectAddResponse", "RpcId" : 49, "Error" : 0, "Message" : null }
2020-07-16 01:59:29.3818 AllServer 0001 (Session.cs:142) { "_t" : "Actor_GamerEnterRoom_Ntt", "RpcId" : 0, "ActorId" : NumberLong("281474976710820"), "Gamers" : [{ "UserID" : NumberLong("101594835931") }, { "UserID" : NumberLong(0) }, { "UserID" : NumberLong(0) }] }
2020-07-16 01:59:29.4356 AllServer 0001 (Session.cs:142) { "_t" : "T_MatchSucess_M2G", "RpcId" : 0, "UserID" : NumberLong("101594835931"), "GamerID" : NumberLong("281474976710870") }
2020-07-16 01:59:31.2919 AllServer 0001 (Session.cs:142) { "_t" : "Actor_GamerReady_Landlords", "RpcId" : 0, "ActorId" : NumberLong(0), "UserID" : NumberLong(0) }
2020-07-16 01:59:31.4874 AllServer 0001 (Session.cs:142) { "_t" : "Actor_GamerReady_Landlords", "RpcId" : 0, "ActorId" : NumberLong("281474976710862"), "UserID" : NumberLong(0) }
2020-07-16 01:59:31.6881 AllServer 0001 (RoomSystem.cs:12) 检查游戏是否可以开始
2020-07-16 01:59:31.8587 AllServer 0001 (Session.cs:142) { "_t" : "Actor_GamerReady_Landlords", "RpcId" : 0, "ActorId" : NumberLong("281474976710783"), "UserID" : NumberLong("101594395919") }
2020-07-16 01:59:31.9258 AllServer 0001 (Session.cs:142) { "_t" : "Actor_GamerReady_Landlords", "RpcId" : 0, "ActorId" : NumberLong("281474976710843"), "UserID" : NumberLong("101594395919") }
2020-07-16 01:59:32.0473 AllServer 0001 (Session.cs:142) { "_t" : "Actor_GamerReady_Landlords", "RpcId" : 0, "ActorId" : NumberLong("281474976710732"), "UserID" : NumberLong("101594395919") }
2020-07-16 01:59:35.0793 AllServer 0001 (Session.cs:142) { "_t" : "Actor_GamerReady_Landlords", "RpcId" : 0, "ActorId" : NumberLong(0), "UserID" : NumberLong(0) }
2020-07-16 01:59:35.2599 AllServer 0001 (Session.cs:142) { "_t" : "Actor_GamerReady_Landlords", "RpcId" : 0, "ActorId" : NumberLong("281474976710850"), "UserID" : NumberLong(0) }
2020-07-16 01:59:35.3768 AllServer 0001 (RoomSystem.cs:12) 检查游戏是否可以开始
2020-07-16 01:59:35.4400 AllServer 0001 (Session.cs:142) { "_t" : "Actor_GamerReady_Landlords", "RpcId" : 0, "ActorId" : NumberLong("281474976710783"), "UserID" : NumberLong("101594835892") }
2020-07-16 01:59:35.4694 AllServer 0001 (Session.cs:142) { "_t" : "Actor_GamerReady_Landlords", "RpcId" : 0, "ActorId" : NumberLong("281474976710843"), "UserID" : NumberLong("101594835892") }
2020-07-16 01:59:35.5055 AllServer 0001 (Session.cs:142) { "_t" : "Actor_GamerReady_Landlords", "RpcId" : 0, "ActorId" : NumberLong("281474976710732"), "UserID" : NumberLong("101594835892") }
2020-07-16 01:59:38.0003 AllServer 0001 (Session.cs:142) { "_t" : "Actor_GamerReady_Landlords", "RpcId" : 0, "ActorId" : NumberLong(0), "UserID" : NumberLong(0) }
2020-07-16 01:59:38.1156 AllServer 0001 (Session.cs:142) { "_t" : "Actor_GamerReady_Landlords", "RpcId" : 0, "ActorId" : NumberLong("281474976710870"), "UserID" : NumberLong(0) }
2020-07-16 01:59:38.1756 AllServer 0001 (RoomSystem.cs:12) 检查游戏是否可以开始
2020-07-16 01:59:38.2227 AllServer 0001 (Session.cs:142) { "_t" : "Actor_GamerReady_Landlords", "RpcId" : 0, "ActorId" : NumberLong("281474976710820"), "UserID" : NumberLong("101594835931") }
2020-07-16 01:59:45.5622 AllServer 0001 (Session.cs:142) { "_t" : "Actor_GamerReady_Landlords", "RpcId" : 0, "ActorId" : NumberLong(0), "UserID" : NumberLong(0) }
2020-07-16 01:59:45.5962 AllServer 0001 (Session.cs:142) { "_t" : "Actor_GamerReady_Landlords", "RpcId" : 0, "ActorId" : NumberLong("281474976710856"), "UserID" : NumberLong(0) }
2020-07-16 01:59:45.6363 AllServer 0001 (RoomSystem.cs:12) 检查游戏是否可以开始
2020-07-16 01:59:45.6363 AllServer 0001 (RoomSystem.cs:26) 满足游戏开始条件
2020-07-16 01:59:45.7781 AllServer 0001 (Session.cs:142) { "_t" : "Actor_GamerReady_Landlords", "RpcId" : 0, "ActorId" : NumberLong("281474976710783"), "UserID" : NumberLong("101594835954") }
2020-07-16 01:59:45.8009 AllServer 0001 (Session.cs:142) { "_t" : "Actor_GamerReady_Landlords", "RpcId" : 0, "ActorId" : NumberLong("281474976710843"), "UserID" : NumberLong("101594835954") }
2020-07-16 01:59:45.8356 AllServer 0001 (Session.cs:142) { "_t" : "Actor_GamerReady_Landlords", "RpcId" : 0, "ActorId" : NumberLong("281474976710732"), "UserID" : NumberLong("101594835954") }
2020-07-16 01:59:45.9348 AllServer 0001 (Session.cs:142) { "_t" : "Actor_GameStartHandCards_Ntt", "RpcId" : 0, "ActorId" : NumberLong("281474976710783"), "HandCards" : [{ "CardWeight" : 6, "CardSuits" : 0 }, { "CardWeight" : 4, "CardSuits" : 1 }, { "CardWeight" : 7, "CardSuits" : 2 }, { "CardWeight" : 9, "CardSuits" : 3 }, { "CardWeight" : 8, "CardSuits" : 1 }, { "CardWeight" : 11, "CardSuits" : 2 }, { "CardWeight" : 1, "CardSuits" : 1 }, { "CardWeight" : 3, "CardSuits" : 2 }, { "CardWeight" : 5, "CardSuits" : 0 }, { "CardWeight" : 2, "CardSuits" : 2 }, { "CardWeight" : 5, "CardSuits" : 1 }, { "CardWeight" : 13, "CardSuits" : 4 }, { "CardWeight" : 1, "CardSuits" : 3 }, { "CardWeight" : 9, "CardSuits" : 0 }, { "CardWeight" : 10, "CardSuits" : 1 }, { "CardWeight" : 9, "CardSuits" : 1 }, { "CardWeight" : 11, "CardSuits" : 3 }], "GamersCardNum" : [{ "UserID" : NumberLong("101594835892"), "Num" : 17 }, { "UserID" : NumberLong("101594835954"), "Num" : 17 }, { "UserID" : NumberLong("101594395919"), "Num" : 17 }] }
2020-07-16 01:59:46.0206 AllServer 0001 (Session.cs:142) { "_t" : "Actor_GameStartHandCards_Ntt", "RpcId" : 0, "ActorId" : NumberLong("281474976710843"), "HandCards" : [{ "CardWeight" : 8, "CardSuits" : 2 }, { "CardWeight" : 7, "CardSuits" : 0 }, { "CardWeight" : 1, "CardSuits" : 2 }, { "CardWeight" : 4, "CardSuits" : 0 }, { "CardWeight" : 10, "CardSuits" : 3 }, { "CardWeight" : 11, "CardSuits" : 1 }, { "CardWeight" : 0, "CardSuits" : 3 }, { "CardWeight" : 4, "CardSuits" : 3 }, { "CardWeight" : 14, "CardSuits" : 4 }, { "CardWeight" : 1, "CardSuits" : 0 }, { "CardWeight" : 7, "CardSuits" : 1 }, { "CardWeight" : 12, "CardSuits" : 3 }, { "CardWeight" : 2, "CardSuits" : 1 }, { "CardWeight" : 6, "CardSuits" : 2 }, { "CardWeight" : 8, "CardSuits" : 0 }, { "CardWeight" : 4, "CardSuits" : 2 }, { "CardWeight" : 0, "CardSuits" : 0 }], "GamersCardNum" : [{ "UserID" : NumberLong("101594835892"), "Num" : 17 }, { "UserID" : NumberLong("101594835954"), "Num" : 17 }, { "UserID" : NumberLong("101594395919"), "Num" : 17 }] }
2020-07-16 01:59:46.0789 AllServer 0001 (Session.cs:142) { "_t" : "Actor_GameStartHandCards_Ntt", "RpcId" : 0, "ActorId" : NumberLong("281474976710732"), "HandCards" : [{ "CardWeight" : 7, "CardSuits" : 3 }, { "CardWeight" : 2, "CardSuits" : 0 }, { "CardWeight" : 3, "CardSuits" : 3 }, { "CardWeight" : 2, "CardSuits" : 3 }, { "CardWeight" : 12, "CardSuits" : 1 }, { "CardWeight" : 0, "CardSuits" : 2 }, { "CardWeight" : 6, "CardSuits" : 3 }, { "CardWeight" : 12, "CardSuits" : 0 }, { "CardWeight" : 9, "CardSuits" : 2 }, { "CardWeight" : 0, "CardSuits" : 1 }, { "CardWeight" : 5, "CardSuits" : 2 }, { "CardWeight" : 11, "CardSuits" : 0 }, { "CardWeight" : 6, "CardSuits" : 1 }, { "CardWeight" : 3, "CardSuits" : 0 }, { "CardWeight" : 10, "CardSuits" : 2 }, { "CardWeight" : 8, "CardSuits" : 3 }, { "CardWeight" : 12, "CardSuits" : 2 }], "GamersCardNum" : [{ "UserID" : NumberLong("101594835892"), "Num" : 17 }, { "UserID" : NumberLong("101594835954"), "Num" : 17 }, { "UserID" : NumberLong("101594395919"), "Num" : 17 }] }
2020-07-16 01:59:46.1419 AllServer 0001 (Session.cs:142) { "_t" : "Actor_AuthorityGrabLandlord_Ntt", "RpcId" : 0, "ActorId" : NumberLong("281474976710783"), "UserID" : NumberLong("101594835892") }
2020-07-16 01:59:46.1529 AllServer 0001 (Session.cs:142) { "_t" : "Actor_AuthorityGrabLandlord_Ntt", "RpcId" : 0, "ActorId" : NumberLong("281474976710843"), "UserID" : NumberLong("101594835892") }
2020-07-16 01:59:46.1721 AllServer 0001 (Session.cs:142) { "_t" : "Actor_AuthorityGrabLandlord_Ntt", "RpcId" : 0, "ActorId" : NumberLong("281474976710732"), "UserID" : NumberLong("101594835892") }
2020-07-16 01:59:59.6019 AllServer 0001 (Session.cs:142) { "_t" : "Actor_GamerGrabLandlordSelect_Ntt", "RpcId" : 0, "ActorId" : NumberLong(0), "UserID" : NumberLong(0), "IsGrab" : true }
2020-07-16 01:59:59.7562 AllServer 0001 (Session.cs:142) { "_t" : "Actor_GamerGrabLandlordSelect_Ntt", "RpcId" : 0, "ActorId" : NumberLong("281474976710850"), "UserID" : NumberLong(0), "IsGrab" : true }
2020-07-16 01:59:59.9455 AllServer 0001 (Session.cs:142) { "_t" : "Actor_SetMultiples_Ntt", "RpcId" : 0, "ActorId" : NumberLong("281474976710783"), "Multiples" : 2 }
2020-07-16 02:00:00.1137 AllServer 0001 (Session.cs:142) { "_t" : "Actor_SetMultiples_Ntt", "RpcId" : 0, "ActorId" : NumberLong("281474976710843"), "Multiples" : 2 }
2020-07-16 02:00:00.3187 AllServer 0001 (Session.cs:142) { "_t" : "Actor_SetMultiples_Ntt", "RpcId" : 0, "ActorId" : NumberLong("281474976710732"), "Multiples" : 2 }
2020-07-16 02:00:00.4376 AllServer 0001 (Session.cs:142) { "_t" : "Actor_GamerGrabLandlordSelect_Ntt", "RpcId" : 0, "ActorId" : NumberLong("281474976710783"), "UserID" : NumberLong("101594835892"), "IsGrab" : true }
2020-07-16 02:00:00.5285 AllServer 0001 (Session.cs:142) { "_t" : "Actor_GamerGrabLandlordSelect_Ntt", "RpcId" : 0, "ActorId" : NumberLong("281474976710843"), "UserID" : NumberLong("101594835892"), "IsGrab" : true }
2020-07-16 02:00:00.6368 AllServer 0001 (Session.cs:142) { "_t" : "Actor_GamerGrabLandlordSelect_Ntt", "RpcId" : 0, "ActorId" : NumberLong("281474976710732"), "UserID" : NumberLong("101594835892"), "IsGrab" : true }
2020-07-16 02:00:00.7595 AllServer 0001 (Session.cs:142) { "_t" : "Actor_AuthorityGrabLandlord_Ntt", "RpcId" : 0, "ActorId" : NumberLong("281474976710783"), "UserID" : NumberLong("101594835954") }
2020-07-16 02:00:00.7983 AllServer 0001 (Session.cs:142) { "_t" : "Actor_AuthorityGrabLandlord_Ntt", "RpcId" : 0, "ActorId" : NumberLong("281474976710843"), "UserID" : NumberLong("101594835954") }
2020-07-16 02:00:00.8123 AllServer 0001 (Session.cs:142) { "_t" : "Actor_AuthorityGrabLandlord_Ntt", "RpcId" : 0, "ActorId" : NumberLong("281474976710732"), "UserID" : NumberLong("101594835954") }
2020-07-16 02:00:04.2385 AllServer 0001 (Session.cs:142) { "_t" : "Actor_GamerGrabLandlordSelect_Ntt", "RpcId" : 0, "ActorId" : NumberLong(0), "UserID" : NumberLong(0), "IsGrab" : true }
2020-07-16 02:00:04.3939 AllServer 0001 (Session.cs:142) { "_t" : "Actor_GamerGrabLandlordSelect_Ntt", "RpcId" : 0, "ActorId" : NumberLong("281474976710856"), "UserID" : NumberLong(0), "IsGrab" : true }
2020-07-16 02:00:04.4614 AllServer 0001 (Session.cs:142) { "_t" : "Actor_SetMultiples_Ntt", "RpcId" : 0, "ActorId" : NumberLong("281474976710783"), "Multiples" : 4 }
2020-07-16 02:00:04.4877 AllServer 0001 (Session.cs:142) { "_t" : "Actor_SetMultiples_Ntt", "RpcId" : 0, "ActorId" : NumberLong("281474976710843"), "Multiples" : 4 }
2020-07-16 02:00:04.5795 AllServer 0001 (Session.cs:142) { "_t" : "Actor_SetMultiples_Ntt", "RpcId" : 0, "ActorId" : NumberLong("281474976710732"), "Multiples" : 4 }
2020-07-16 02:00:04.6235 AllServer 0001 (Session.cs:142) { "_t" : "Actor_GamerGrabLandlordSelect_Ntt", "RpcId" : 0, "ActorId" : NumberLong("281474976710783"), "UserID" : NumberLong("101594835954"), "IsGrab" : true }
2020-07-16 02:00:04.6454 AllServer 0001 (Session.cs:142) { "_t" : "Actor_GamerGrabLandlordSelect_Ntt", "RpcId" : 0, "ActorId" : NumberLong("281474976710843"), "UserID" : NumberLong("101594835954"), "IsGrab" : true }
2020-07-16 02:00:04.6609 AllServer 0001 (Session.cs:142) { "_t" : "Actor_GamerGrabLandlordSelect_Ntt", "RpcId" : 0, "ActorId" : NumberLong("281474976710732"), "UserID" : NumberLong("101594835954"), "IsGrab" : true }
2020-07-16 02:00:04.6709 AllServer 0001 (Session.cs:142) { "_t" : "Actor_AuthorityGrabLandlord_Ntt", "RpcId" : 0, "ActorId" : NumberLong("281474976710783"), "UserID" : NumberLong("101594395919") }
2020-07-16 02:00:04.6804 AllServer 0001 (Session.cs:142) { "_t" : "Actor_AuthorityGrabLandlord_Ntt", "RpcId" : 0, "ActorId" : NumberLong("281474976710843"), "UserID" : NumberLong("101594395919") }
2020-07-16 02:00:04.6804 AllServer 0001 (Session.cs:142) { "_t" : "Actor_AuthorityGrabLandlord_Ntt", "RpcId" : 0, "ActorId" : NumberLong("281474976710732"), "UserID" : NumberLong("101594395919") }
2020-07-16 02:00:06.2864 AllServer 0001 (Session.cs:142) { "_t" : "Actor_GamerGrabLandlordSelect_Ntt", "RpcId" : 0, "ActorId" : NumberLong(0), "UserID" : NumberLong(0), "IsGrab" : false }
2020-07-16 02:00:06.6070 AllServer 0001 (Session.cs:142) { "_t" : "Actor_GamerGrabLandlordSelect_Ntt", "RpcId" : 0, "ActorId" : NumberLong("281474976710862"), "UserID" : NumberLong(0), "IsGrab" : false }
2020-07-16 02:00:06.6741 AllServer 0001 (Session.cs:142) { "_t" : "Actor_GamerGrabLandlordSelect_Ntt", "RpcId" : 0, "ActorId" : NumberLong("281474976710783"), "UserID" : NumberLong("101594395919"), "IsGrab" : false }
2020-07-16 02:00:06.7246 AllServer 0001 (Session.cs:142) { "_t" : "Actor_GamerGrabLandlordSelect_Ntt", "RpcId" : 0, "ActorId" : NumberLong("281474976710843"), "UserID" : NumberLong("101594395919"), "IsGrab" : false }
2020-07-16 02:00:06.7557 AllServer 0001 (Session.cs:142) { "_t" : "Actor_GamerGrabLandlordSelect_Ntt", "RpcId" : 0, "ActorId" : NumberLong("281474976710732"), "UserID" : NumberLong("101594395919"), "IsGrab" : false }
2020-07-16 02:00:06.7911 AllServer 0001 (Session.cs:142) { "_t" : "Actor_AuthorityGrabLandlord_Ntt", "RpcId" : 0, "ActorId" : NumberLong("281474976710783"), "UserID" : NumberLong("101594835892") }
2020-07-16 02:00:06.8343 AllServer 0001 (Session.cs:142) { "_t" : "Actor_AuthorityGrabLandlord_Ntt", "RpcId" : 0, "ActorId" : NumberLong("281474976710843"), "UserID" : NumberLong("101594835892") }
2020-07-16 02:00:06.9154 AllServer 0001 (Session.cs:142) { "_t" : "Actor_AuthorityGrabLandlord_Ntt", "RpcId" : 0, "ActorId" : NumberLong("281474976710732"), "UserID" : NumberLong("101594835892") }
2020-07-16 02:00:14.4574 AllServer 0001 (Session.cs:142) { "_t" : "Actor_GamerGrabLandlordSelect_Ntt", "RpcId" : 0, "ActorId" : NumberLong(0), "UserID" : NumberLong(0), "IsGrab" : true }
2020-07-16 02:00:14.5880 AllServer 0001 (Session.cs:142) { "_t" : "Actor_GamerGrabLandlordSelect_Ntt", "RpcId" : 0, "ActorId" : NumberLong("281474976710850"), "UserID" : NumberLong(0), "IsGrab" : true }
2020-07-16 02:00:14.7639 AllServer 0001 (Session.cs:142) { "_t" : "Actor_SetMultiples_Ntt", "RpcId" : 0, "ActorId" : NumberLong("281474976710783"), "Multiples" : 8 }
2020-07-16 02:00:15.1890 AllServer 0001 (Session.cs:142) { "_t" : "Actor_SetMultiples_Ntt", "RpcId" : 0, "ActorId" : NumberLong("281474976710843"), "Multiples" : 8 }
2020-07-16 02:00:15.2917 AllServer 0001 (Session.cs:142) { "_t" : "Actor_SetMultiples_Ntt", "RpcId" : 0, "ActorId" : NumberLong("281474976710732"), "Multiples" : 8 }
2020-07-16 02:00:15.3889 AllServer 0001 (Session.cs:142) { "_t" : "Actor_GamerGrabLandlordSelect_Ntt", "RpcId" : 0, "ActorId" : NumberLong("281474976710783"), "UserID" : NumberLong("101594835892"), "IsGrab" : true }
2020-07-16 02:00:15.4250 AllServer 0001 (Session.cs:142) { "_t" : "Actor_GamerGrabLandlordSelect_Ntt", "RpcId" : 0, "ActorId" : NumberLong("281474976710843"), "UserID" : NumberLong("101594835892"), "IsGrab" : true }
2020-07-16 02:00:15.4560 AllServer 0001 (Session.cs:142) { "_t" : "Actor_GamerGrabLandlordSelect_Ntt", "RpcId" : 0, "ActorId" : NumberLong("281474976710732"), "UserID" : NumberLong("101594835892"), "IsGrab" : true }
2020-07-16 02:00:15.5006 AllServer 0001 (Session.cs:142) { "_t" : "Actor_SetLandlord_Ntt", "RpcId" : 0, "ActorId" : NumberLong("281474976710783"), "UserID" : NumberLong("101594835892"), "LordCards" : [{ "CardWeight" : 3, "CardSuits" : 1 }, { "CardWeight" : 10, "CardSuits" : 0 }, { "CardWeight" : 5, "CardSuits" : 3 }] }
2020-07-16 02:00:15.5433 AllServer 0001 (Session.cs:142) { "_t" : "Actor_SetLandlord_Ntt", "RpcId" : 0, "ActorId" : NumberLong("281474976710843"), "UserID" : NumberLong("101594835892"), "LordCards" : [{ "CardWeight" : 3, "CardSuits" : 1 }, { "CardWeight" : 10, "CardSuits" : 0 }, { "CardWeight" : 5, "CardSuits" : 3 }] }
2020-07-16 02:00:15.6311 AllServer 0001 (Session.cs:142) { "_t" : "Actor_SetLandlord_Ntt", "RpcId" : 0, "ActorId" : NumberLong("281474976710732"), "UserID" : NumberLong("101594835892"), "LordCards" : [{ "CardWeight" : 3, "CardSuits" : 1 }, { "CardWeight" : 10, "CardSuits" : 0 }, { "CardWeight" : 5, "CardSuits" : 3 }] }
2020-07-16 02:00:15.7043 AllServer 0001 (Session.cs:142) { "_t" : "Actor_AuthorityPlayCard_Ntt", "RpcId" : 0, "ActorId" : NumberLong("281474976710783"), "UserID" : NumberLong("101594835892"), "IsFirst" : true }
2020-07-16 02:00:15.7593 AllServer 0001 (Session.cs:142) { "_t" : "Actor_AuthorityPlayCard_Ntt", "RpcId" : 0, "ActorId" : NumberLong("281474976710843"), "UserID" : NumberLong("101594835892"), "IsFirst" : true }
2020-07-16 02:00:15.7816 AllServer 0001 (Session.cs:142) { "_t" : "Actor_AuthorityPlayCard_Ntt", "RpcId" : 0, "ActorId" : NumberLong("281474976710732"), "UserID" : NumberLong("101594835892"), "IsFirst" : true }
2020-07-16 02:00:20.7782 AllServer 0001 (Session.cs:142) { "_t" : "Actor_GamerPlayCard_Req", "RpcId" : 10, "ActorId" : NumberLong(0), "Cards" : [{ "CardWeight" : 1, "CardSuits" : 1 }, { "CardWeight" : 1, "CardSuits" : 3 }] }
2020-07-16 02:00:20.8072 AllServer 0001 (Session.cs:142) { "_t" : "Actor_GamerPlayCard_Req", "RpcId" : 50, "ActorId" : NumberLong("281474976710850"), "Cards" : [{ "CardWeight" : 1, "CardSuits" : 1 }, { "CardWeight" : 1, "CardSuits" : 3 }] }
2020-07-16 02:00:21.0735 AllServer 0001 (Session.cs:142) { "_t" : "Actor_GamerPlayCard_Back", "RpcId" : 50, "Error" : 0, "Message" : "" }
2020-07-16 02:00:21.1447 AllServer 0001 (Session.cs:142) { "_t" : "Actor_GamerPlayCard_Ntt", "RpcId" : 0, "ActorId" : NumberLong("281474976710783"), "UserID" : NumberLong("101594835892"), "Cards" : [{ "CardWeight" : 1, "CardSuits" : 1 }, { "CardWeight" : 1, "CardSuits" : 3 }] }
2020-07-16 02:00:21.1837 AllServer 0001 (Session.cs:142) { "_t" : "Actor_GamerPlayCard_Ntt", "RpcId" : 0, "ActorId" : NumberLong("281474976710843"), "UserID" : NumberLong("101594835892"), "Cards" : [{ "CardWeight" : 1, "CardSuits" : 1 }, { "CardWeight" : 1, "CardSuits" : 3 }] }
2020-07-16 02:00:21.2112 AllServer 0001 (Session.cs:142) { "_t" : "Actor_GamerPlayCard_Ntt", "RpcId" : 0, "ActorId" : NumberLong("281474976710732"), "UserID" : NumberLong("101594835892"), "Cards" : [{ "CardWeight" : 1, "CardSuits" : 1 }, { "CardWeight" : 1, "CardSuits" : 3 }] }
2020-07-16 02:00:21.2241 AllServer 0001 (Session.cs:142) { "_t" : "Actor_GamerPlayCard_Ntt", "RpcId" : 0, "ActorId" : NumberLong("281474976710783"), "UserID" : NumberLong("101594835954"), "Cards" : [{ "CardWeight" : 8, "CardSuits" : 2 }, { "CardWeight" : 7, "CardSuits" : 0 }, { "CardWeight" : 1, "CardSuits" : 2 }, { "CardWeight" : 4, "CardSuits" : 0 }, { "CardWeight" : 10, "CardSuits" : 3 }, { "CardWeight" : 11, "CardSuits" : 1 }, { "CardWeight" : 0, "CardSuits" : 3 }, { "CardWeight" : 4, "CardSuits" : 3 }, { "CardWeight" : 14, "CardSuits" : 4 }, { "CardWeight" : 1, "CardSuits" : 0 }, { "CardWeight" : 7, "CardSuits" : 1 }, { "CardWeight" : 12, "CardSuits" : 3 }, { "CardWeight" : 2, "CardSuits" : 1 }, { "CardWeight" : 6, "CardSuits" : 2 }, { "CardWeight" : 8, "CardSuits" : 0 }, { "CardWeight" : 4, "CardSuits" : 2 }, { "CardWeight" : 0, "CardSuits" : 0 }] }
2020-07-16 02:00:21.2614 AllServer 0001 (Session.cs:142) { "_t" : "Actor_GamerPlayCard_Ntt", "RpcId" : 0, "ActorId" : NumberLong("281474976710843"), "UserID" : NumberLong("101594835954"), "Cards" : [{ "CardWeight" : 8, "CardSuits" : 2 }, { "CardWeight" : 7, "CardSuits" : 0 }, { "CardWeight" : 1, "CardSuits" : 2 }, { "CardWeight" : 4, "CardSuits" : 0 }, { "CardWeight" : 10, "CardSuits" : 3 }, { "CardWeight" : 11, "CardSuits" : 1 }, { "CardWeight" : 0, "CardSuits" : 3 }, { "CardWeight" : 4, "CardSuits" : 3 }, { "CardWeight" : 14, "CardSuits" : 4 }, { "CardWeight" : 1, "CardSuits" : 0 }, { "CardWeight" : 7, "CardSuits" : 1 }, { "CardWeight" : 12, "CardSuits" : 3 }, { "CardWeight" : 2, "CardSuits" : 1 }, { "CardWeight" : 6, "CardSuits" : 2 }, { "CardWeight" : 8, "CardSuits" : 0 }, { "CardWeight" : 4, "CardSuits" : 2 }, { "CardWeight" : 0, "CardSuits" : 0 }] }
2020-07-16 02:00:21.2855 AllServer 0001 (Session.cs:142) { "_t" : "Actor_GamerPlayCard_Ntt", "RpcId" : 0, "ActorId" : NumberLong("281474976710732"), "UserID" : NumberLong("101594835954"), "Cards" : [{ "CardWeight" : 8, "CardSuits" : 2 }, { "CardWeight" : 7, "CardSuits" : 0 }, { "CardWeight" : 1, "CardSuits" : 2 }, { "CardWeight" : 4, "CardSuits" : 0 }, { "CardWeight" : 10, "CardSuits" : 3 }, { "CardWeight" : 11, "CardSuits" : 1 }, { "CardWeight" : 0, "CardSuits" : 3 }, { "CardWeight" : 4, "CardSuits" : 3 }, { "CardWeight" : 14, "CardSuits" : 4 }, { "CardWeight" : 1, "CardSuits" : 0 }, { "CardWeight" : 7, "CardSuits" : 1 }, { "CardWeight" : 12, "CardSuits" : 3 }, { "CardWeight" : 2, "CardSuits" : 1 }, { "CardWeight" : 6, "CardSuits" : 2 }, { "CardWeight" : 8, "CardSuits" : 0 }, { "CardWeight" : 4, "CardSuits" : 2 }, { "CardWeight" : 0, "CardSuits" : 0 }] }
2020-07-16 02:00:21.3225 AllServer 0001 (Session.cs:142) { "_t" : "Actor_GamerPlayCard_Ntt", "RpcId" : 0, "ActorId" : NumberLong("281474976710783"), "UserID" : NumberLong("101594395919"), "Cards" : [{ "CardWeight" : 7, "CardSuits" : 3 }, { "CardWeight" : 2, "CardSuits" : 0 }, { "CardWeight" : 3, "CardSuits" : 3 }, { "CardWeight" : 2, "CardSuits" : 3 }, { "CardWeight" : 12, "CardSuits" : 1 }, { "CardWeight" : 0, "CardSuits" : 2 }, { "CardWeight" : 6, "CardSuits" : 3 }, { "CardWeight" : 12, "CardSuits" : 0 }, { "CardWeight" : 9, "CardSuits" : 2 }, { "CardWeight" : 0, "CardSuits" : 1 }, { "CardWeight" : 5, "CardSuits" : 2 }, { "CardWeight" : 11, "CardSuits" : 0 }, { "CardWeight" : 6, "CardSuits" : 1 }, { "CardWeight" : 3, "CardSuits" : 0 }, { "CardWeight" : 10, "CardSuits" : 2 }, { "CardWeight" : 8, "CardSuits" : 3 }, { "CardWeight" : 12, "CardSuits" : 2 }] }
2020-07-16 02:00:21.3606 AllServer 0001 (Session.cs:142) { "_t" : "Actor_GamerPlayCard_Ntt", "RpcId" : 0, "ActorId" : NumberLong("281474976710843"), "UserID" : NumberLong("101594395919"), "Cards" : [{ "CardWeight" : 7, "CardSuits" : 3 }, { "CardWeight" : 2, "CardSuits" : 0 }, { "CardWeight" : 3, "CardSuits" : 3 }, { "CardWeight" : 2, "CardSuits" : 3 }, { "CardWeight" : 12, "CardSuits" : 1 }, { "CardWeight" : 0, "CardSuits" : 2 }, { "CardWeight" : 6, "CardSuits" : 3 }, { "CardWeight" : 12, "CardSuits" : 0 }, { "CardWeight" : 9, "CardSuits" : 2 }, { "CardWeight" : 0, "CardSuits" : 1 }, { "CardWeight" : 5, "CardSuits" : 2 }, { "CardWeight" : 11, "CardSuits" : 0 }, { "CardWeight" : 6, "CardSuits" : 1 }, { "CardWeight" : 3, "CardSuits" : 0 }, { "CardWeight" : 10, "CardSuits" : 2 }, { "CardWeight" : 8, "CardSuits" : 3 }, { "CardWeight" : 12, "CardSuits" : 2 }] }
2020-07-16 02:00:21.4016 AllServer 0001 (Session.cs:142) { "_t" : "Actor_GamerPlayCard_Ntt", "RpcId" : 0, "ActorId" : NumberLong("281474976710732"), "UserID" : NumberLong("101594395919"), "Cards" : [{ "CardWeight" : 7, "CardSuits" : 3 }, { "CardWeight" : 2, "CardSuits" : 0 }, { "CardWeight" : 3, "CardSuits" : 3 }, { "CardWeight" : 2, "CardSuits" : 3 }, { "CardWeight" : 12, "CardSuits" : 1 }, { "CardWeight" : 0, "CardSuits" : 2 }, { "CardWeight" : 6, "CardSuits" : 3 }, { "CardWeight" : 12, "CardSuits" : 0 }, { "CardWeight" : 9, "CardSuits" : 2 }, { "CardWeight" : 0, "CardSuits" : 1 }, { "CardWeight" : 5, "CardSuits" : 2 }, { "CardWeight" : 11, "CardSuits" : 0 }, { "CardWeight" : 6, "CardSuits" : 1 }, { "CardWeight" : 3, "CardSuits" : 0 }, { "CardWeight" : 10, "CardSuits" : 2 }, { "CardWeight" : 8, "CardSuits" : 3 }, { "CardWeight" : 12, "CardSuits" : 2 }] }
2020-07-16 02:00:21.4648 AllServer 0001 (Session.cs:142) { "_t" : "DBQueryRequest", "RpcId" : 51, "_id" : NumberLong("101594835892"), "NeedCache" : true, "CollectionName" : "UserInfo" }
2020-07-16 02:00:21.5272 AllServer 0001 (Session.cs:142) { "_t" : "DBQueryResponse", "RpcId" : 51, "Error" : 0, "Message" : null, "Component" : { "_t" : "UserInfo", "_id" : NumberLong("101594835892"), "C" : [], "UserName" : "test3", "Level" : 1, "Money" : NumberLong(10000), "Phone" : NumberLong(0), "Email" : "", "Sex" : "", "Title" : "贫农", "LastPlay" : 0 } }
2020-07-16 02:00:21.6804 AllServer 0001 (Session.cs:142) { "_t" : "DBSaveRequest", "RpcId" : 52, "NeedCache" : true, "CollectionName" : null, "Component" : { "_t" : "UserInfo", "_id" : NumberLong("101594835892"), "C" : [], "UserName" : "test3", "Level" : 1, "Money" : NumberLong(11600), "Phone" : NumberLong(0), "Email" : "", "Sex" : "", "Title" : "贫农", "LastPlay" : 0 } }
2020-07-16 02:00:22.0112 AllServer 0001 (Session.cs:142) { "_t" : "DBSaveResponse", "RpcId" : 52, "Error" : 0, "Message" : null }
2020-07-16 02:00:22.1168 AllServer 0001 (Session.cs:142) { "_t" : "DBQueryRequest", "RpcId" : 53, "_id" : NumberLong("101594835954"), "NeedCache" : true, "CollectionName" : "UserInfo" }
2020-07-16 02:00:22.1656 AllServer 0001 (Session.cs:142) { "_t" : "DBQueryResponse", "RpcId" : 53, "Error" : 0, "Message" : null, "Component" : { "_t" : "UserInfo", "_id" : NumberLong("101594835954"), "C" : [], "UserName" : "test6", "Level" : 1, "Money" : NumberLong(10000), "Phone" : NumberLong(0), "Email" : "", "Sex" : "", "Title" : "贫农", "LastPlay" : 0 } }
2020-07-16 02:00:22.2138 AllServer 0001 (Session.cs:142) { "_t" : "DBSaveRequest", "RpcId" : 54, "NeedCache" : true, "CollectionName" : null, "Component" : { "_t" : "UserInfo", "_id" : NumberLong("101594835954"), "C" : [], "UserName" : "test6", "Level" : 1, "Money" : NumberLong(9200), "Phone" : NumberLong(0), "Email" : "", "Sex" : "", "Title" : "贫农", "LastPlay" : 0 } }
2020-07-16 02:00:22.3975 AllServer 0001 (Session.cs:142) { "_t" : "DBSaveResponse", "RpcId" : 54, "Error" : 0, "Message" : null }
2020-07-16 02:00:22.4445 AllServer 0001 (Session.cs:142) { "_t" : "DBQueryRequest", "RpcId" : 55, "_id" : NumberLong("101594395919"), "NeedCache" : true, "CollectionName" : "UserInfo" }
2020-07-16 02:00:22.5018 AllServer 0001 (Session.cs:142) { "_t" : "DBQueryResponse", "RpcId" : 55, "Error" : 0, "Message" : null, "Component" : { "_t" : "UserInfo", "_id" : NumberLong("101594395919"), "C" : [], "UserName" : "test0", "Level" : 1, "Money" : NumberLong(10000), "Phone" : NumberLong(12324), "Email" : "axuyin", "Sex" : "男", "Title" : "贫农", "LastPlay" : 0 } }
2020-07-16 02:00:22.6331 AllServer 0001 (Session.cs:142) { "_t" : "DBSaveRequest", "RpcId" : 56, "NeedCache" : true, "CollectionName" : null, "Component" : { "_t" : "UserInfo", "_id" : NumberLong("101594395919"), "C" : [], "UserName" : "test0", "Level" : 1, "Money" : NumberLong(9200), "Phone" : NumberLong(12324), "Email" : "axuyin", "Sex" : "男", "Title" : "贫农", "LastPlay" : 0 } }
2020-07-16 02:00:22.7964 AllServer 0001 (Session.cs:142) { "_t" : "DBSaveResponse", "RpcId" : 56, "Error" : 0, "Message" : null }
2020-07-16 02:00:22.9234 AllServer 0001 (Session.cs:142) { "_t" : "Actor_Gameover_Ntt", "RpcId" : 0, "ActorId" : NumberLong("281474976710783"), "Winner" : 2, "BasePointPerMatch" : NumberLong(100), "Multiples" : 8, "GamersScore" : [{ "UserID" : NumberLong("101594835892"), "Score" : NumberLong(1600) }, { "UserID" : NumberLong("101594835954"), "Score" : NumberLong(-800) }, { "UserID" : NumberLong("101594395919"), "Score" : NumberLong(-800) }] }
2020-07-16 02:00:22.9624 AllServer 0001 (Session.cs:142) { "_t" : "Actor_Gameover_Ntt", "RpcId" : 0, "ActorId" : NumberLong("281474976710843"), "Winner" : 2, "BasePointPerMatch" : NumberLong(100), "Multiples" : 8, "GamersScore" : [{ "UserID" : NumberLong("101594835892"), "Score" : NumberLong(1600) }, { "UserID" : NumberLong("101594835954"), "Score" : NumberLong(-800) }, { "UserID" : NumberLong("101594395919"), "Score" : NumberLong(-800) }] }
2020-07-16 02:00:22.9894 AllServer 0001 (Session.cs:142) { "_t" : "Actor_Gameover_Ntt", "RpcId" : 0, "ActorId" : NumberLong("281474976710732"), "Winner" : 2, "BasePointPerMatch" : NumberLong(100), "Multiples" : 8, "GamersScore" : [{ "UserID" : NumberLong("101594835892"), "Score" : NumberLong(1600) }, { "UserID" : NumberLong("101594835954"), "Score" : NumberLong(-800) }, { "UserID" : NumberLong("101594395919"), "Score" : NumberLong(-800) }] }
2020-07-16 02:00:23.0981 AllServer 0001 (Session.cs:142) { "_t" : "C2G_GetUserInfoInRoom_Req", "RpcId" : 9, "UserID" : NumberLong("101594835892") }
2020-07-16 02:00:23.2164 AllServer 0001 (Session.cs:142) { "_t" : "C2G_GetUserInfoInRoom_Req", "RpcId" : 11, "UserID" : NumberLong("101594835892") }
2020-07-16 02:00:23.2311 AllServer 0001 (Session.cs:142) { "_t" : "C2G_GetUserInfoInRoom_Req", "RpcId" : 10, "UserID" : NumberLong("101594835892") }
2020-07-16 02:00:23.2601 AllServer 0001 (Session.cs:142) { "_t" : "DBQueryRequest", "RpcId" : 57, "_id" : NumberLong("101594835892"), "NeedCache" : true, "CollectionName" : "UserInfo" }
2020-07-16 02:00:23.2601 AllServer 0001 (Session.cs:142) { "_t" : "DBQueryRequest", "RpcId" : 58, "_id" : NumberLong("101594835892"), "NeedCache" : true, "CollectionName" : "UserInfo" }
2020-07-16 02:00:23.2817 AllServer 0001 (Session.cs:142) { "_t" : "DBQueryRequest", "RpcId" : 59, "_id" : NumberLong("101594835892"), "NeedCache" : true, "CollectionName" : "UserInfo" }
2020-07-16 02:00:23.3318 AllServer 0001 (Session.cs:142) { "_t" : "DBQueryResponse", "RpcId" : 57, "Error" : 0, "Message" : null, "Component" : { "_t" : "UserInfo", "_id" : NumberLong("101594835892"), "C" : [], "UserName" : "test3", "Level" : 1, "Money" : NumberLong(11600), "Phone" : NumberLong(0), "Email" : "", "Sex" : "", "Title" : "贫农", "LastPlay" : 0 } }
2020-07-16 02:00:23.3551 AllServer 0001 (Session.cs:142) { "_t" : "DBQueryResponse", "RpcId" : 58, "Error" : 0, "Message" : null, "Component" : { "_t" : "UserInfo", "_id" : NumberLong("101594835892"), "C" : [], "UserName" : "test3", "Level" : 1, "Money" : NumberLong(11600), "Phone" : NumberLong(0), "Email" : "", "Sex" : "", "Title" : "贫农", "LastPlay" : 0 } }
2020-07-16 02:00:23.3687 AllServer 0001 (Session.cs:142) { "_t" : "DBQueryResponse", "RpcId" : 59, "Error" : 0, "Message" : null, "Component" : { "_t" : "UserInfo", "_id" : NumberLong("101594835892"), "C" : [], "UserName" : "test3", "Level" : 1, "Money" : NumberLong(11600), "Phone" : NumberLong(0), "Email" : "", "Sex" : "", "Title" : "贫农", "LastPlay" : 0 } }
2020-07-16 02:00:31.7286 AllServer 0001 (Session.cs:142) { "_t" : "Actor_GamerContinue_Ntt", "RpcId" : 0, "ActorId" : NumberLong(0) }
2020-07-16 02:00:31.8782 AllServer 0001 (Session.cs:142) { "_t" : "Actor_GamerContinue_Ntt", "RpcId" : 0, "ActorId" : NumberLong("281474976710862") }
2020-07-16 02:00:33.2088 AllServer 0001 (Session.cs:142) { "_t" : "Actor_GamerContinue_Ntt", "RpcId" : 0, "ActorId" : NumberLong(0) }
2020-07-16 02:00:33.4221 AllServer 0001 (Session.cs:142) { "_t" : "Actor_GamerContinue_Ntt", "RpcId" : 0, "ActorId" : NumberLong("281474976710850") }
2020-07-16 02:00:34.3405 AllServer 0001 (Session.cs:142) { "_t" : "Actor_GamerContinue_Ntt", "RpcId" : 0, "ActorId" : NumberLong(0) }
2020-07-16 02:00:34.4215 AllServer 0001 (Session.cs:142) { "_t" : "Actor_GamerContinue_Ntt", "RpcId" : 0, "ActorId" : NumberLong("281474976710856") }
2020-07-16 02:00:44.3973 AllServer 0001 (Session.cs:142) { "_t" : "A0005_PlayerOffline_G2R", "RpcId" : 0, "UserID" : NumberLong("101594835954") }
2020-07-16 02:00:48.2840 AllServer 0001 (Session.cs:142) { "_t" : "A0005_PlayerOffline_G2R", "RpcId" : 0, "UserID" : NumberLong("101594835931") }
2020-07-16 02:00:52.2672 AllServer 0001 (Session.cs:142) { "_t" : "A0005_PlayerOffline_G2R", "RpcId" : 0, "UserID" : NumberLong("101594395919") }
2020-07-16 02:00:56.3574 AllServer 0001 (Session.cs:142) { "_t" : "A0005_PlayerOffline_G2R", "RpcId" : 0, "UserID" : NumberLong("101594835892") }
