2020-07-16 01:42:19.2400 AllServer 0001 System.Exception: not found message handler: { "_t" : "Actor_MatchSucess_M2G", "ActorId" : NumberLong("281474976710761"), "GamerID" : NumberLong("281474976710744") }
   at ETHotfix.ActorMessageDispatcherComponentHelper.Handle(ActorMessageDispatcherComponent self, Entity entity, ActorMessageInfo actorMessageInfo) in C:\Workspace4Git\landlords_study\Landlords_Server01\Server\Hotfix\Module\Actor\ActorMessageDispatcherComponentSystem.cs:line 82
   at ETModel.ETTaskCompletionSource.ETModel.IAwaiter.GetResult() in C:\Workspace4Git\landlords_study\Landlords_Server01\Server\ET.Core\Base\Async\ETTaskCompletionSource.cs:line 32
   at ETModel.ETTask.GetResult() in C:\Workspace4Git\landlords_study\Landlords_Server01\Server\ET.Core\Base\Async\ETTask.cs:line 33
   at ETModel.ETTask.Awaiter.GetResult() in C:\Workspace4Git\landlords_study\Landlords_Server01\Server\ET.Core\Base\Async\ETTask.cs:line 98
   at ETHotfix.MailboxMessageDispatcherHandler.Handle(Session session, Entity entity, Object actorMessage) in C:\Workspace4Git\landlords_study\Landlords_Server01\Server\Hotfix\Module\Actor\MailboxMessageDispatcherHandler.cs:line 16 
 Run at offset 73 in file:line:column C:\Workspace4Git\landlords_study\Landlords_Server01\Server\ET.Core\Base\Async\MoveNextRunner.cs:12:13
MoveNext at offset 894 in file:line:column C:\Workspace4Git\landlords_study\Landlords_Server01\Server\Hotfix\Module\Actor\MailBoxComponentSystem.cs:97:6
Handle at offset 254 in file:line:column <filename unknown>:0:0
Start<TStateMachine> at offset 80 in file:line:column C:\Workspace4Git\landlords_study\Landlords_Server01\Server\ET.Core\Base\Async\AsyncETTaskMethodBuilder.cs:126:13
MoveNext at offset 284 in file:line:column C:\Workspace4Git\landlords_study\Landlords_Server01\Server\Hotfix\Module\Actor\MailboxDispatcherComponentSystem.cs:75:5
Handle at offset 276 in file:line:column <filename unknown>:0:0
Start<TStateMachine> at offset 80 in file:line:column C:\Workspace4Git\landlords_study\Landlords_Server01\Server\ET.Core\Base\Async\AsyncETTaskMethodBuilder.cs:126:13
MoveNext at offset 584 in file:line:column C:\Workspace4Git\landlords_study\Landlords_Server01\Server\Hotfix\Module\Actor\MailboxMessageDispatcherHandler.cs:16:5
Error at offset 124 in file:line:column C:\Workspace4Git\landlords_study\Landlords_Server01\Server\ET.Core\Base\Log.cs:32:4
Error at offset 64 in file:line:column C:\Workspace4Git\landlords_study\Landlords_Server01\Server\ET.Core\Base\Logger\NLogAdapter.cs:32:4

2020-07-16 01:57:32.7931 AllServer 0001 System.ArgumentNullException: Value cannot be null.
Parameter name: value
   at Google.Protobuf.ProtoPreconditions.CheckNotNull[T](T value, String name) in C:\Workspace4Git\landlords_study\Landlords_Server01\Server\ThirdParty\Google.Protobuf\ProtoPreconditions.cs:line 57
   at ETModel.A1001_GetUserInfo_G2C.set_Email(String value) in C:\Workspace4Git\landlords_study\Landlords_Server01\Server\ET.Core\Module\Message\HotfixMessage.cs:line 1922
   at ETHotfix.A1001_GetUserInfoHandler.Run(Session session, A1001_GetUserInfo_C2G request, A1001_GetUserInfo_G2C response, Action reply) in C:\Workspace4Git\landlords_study\Landlords_Server01\Server\Hotfix\Landlords\Handler\Gate\A1001_GetUserInfoHandler.cs:line 31 
 SetExistingTaskResult at offset 97 in file:line:column <filename unknown>:0:0
TrySetResult at offset 145 in file:line:column <filename unknown>:0:0
RunContinuations at offset 440 in file:line:column <filename unknown>:0:0
RunCallback at offset 71 in file:line:column <filename unknown>:0:0
<OutputWaitEtwEvents>b__12_0 at offset 323 in file:line:column <filename unknown>:0:0
Run at offset 73 in file:line:column C:\Workspace4Git\landlords_study\Landlords_Server01\Server\ET.Core\Base\Async\MoveNextRunner.cs:12:13
MoveNext at offset 1118 in file:line:column C:\Workspace4Git\landlords_study\Landlords_Server01\Server\Hotfix\Landlords\Handler\Gate\A1001_GetUserInfoHandler.cs:31:17
ReplyError at offset 75 in file:line:column C:\Workspace4Git\landlords_study\Landlords_Server01\Server\ET.Core\Module\Message\AMRpcHandler.cs:9:4
Error at offset 124 in file:line:column C:\Workspace4Git\landlords_study\Landlords_Server01\Server\ET.Core\Base\Log.cs:32:4
Error at offset 64 in file:line:column C:\Workspace4Git\landlords_study\Landlords_Server01\Server\ET.Core\Base\Logger\NLogAdapter.cs:32:4

2020-07-16 02:00:31.9528 AllServer 0001 玩家不在已经开始游戏的房间中 
 MoveNext at offset 374 in file:line:column C:\Workspace4Git\landlords_study\Landlords_Server01\Server\Hotfix\Module\Actor\ActorMessageDispatcherComponentSystem.cs:82:4
Handle at offset 408 in file:line:column <filename unknown>:0:0
Start<TStateMachine> at offset 80 in file:line:column C:\Workspace4Git\landlords_study\Landlords_Server01\Server\ET.Core\Base\Async\AsyncETTaskMethodBuilder.cs:126:13
MoveNext at offset 1150 in file:line:column C:\Workspace4Git\landlords_study\Landlords_Server01\Server\ET.Core\Module\Actor\AMActorHandler.cs:26:5
Run at offset 249 in file:line:column <filename unknown>:0:0
Start<TStateMachine> at offset 80 in file:line:column C:\Workspace4Git\landlords_study\Landlords_Server01\Server\ET.Core\Base\Async\AsyncETTaskMethodBuilder.cs:126:13
MoveNext at offset 163 in file:line:column C:\Workspace4Git\landlords_study\Landlords_Server01\Server\Hotfix\Landlords\Handler\Map\GameContinueHandler.cs:10:13
GetGamingRoom at offset 157 in file:line:column C:\Workspace4Git\landlords_study\Landlords_Server01\Server\Hotfix\Landlords\System\LandMatchComponentSystem.cs:18:17
Error at offset 82 in file:line:column C:\Workspace4Git\landlords_study\Landlords_Server01\Server\ET.Core\Base\Log.cs:37:4
Error at offset 64 in file:line:column C:\Workspace4Git\landlords_study\Landlords_Server01\Server\ET.Core\Base\Logger\NLogAdapter.cs:32:4

2020-07-16 02:00:33.5228 AllServer 0001 玩家不在已经开始游戏的房间中 
 MoveNext at offset 374 in file:line:column C:\Workspace4Git\landlords_study\Landlords_Server01\Server\Hotfix\Module\Actor\ActorMessageDispatcherComponentSystem.cs:82:4
Handle at offset 408 in file:line:column <filename unknown>:0:0
Start<TStateMachine> at offset 80 in file:line:column C:\Workspace4Git\landlords_study\Landlords_Server01\Server\ET.Core\Base\Async\AsyncETTaskMethodBuilder.cs:126:13
MoveNext at offset 1150 in file:line:column C:\Workspace4Git\landlords_study\Landlords_Server01\Server\ET.Core\Module\Actor\AMActorHandler.cs:26:5
Run at offset 249 in file:line:column <filename unknown>:0:0
Start<TStateMachine> at offset 80 in file:line:column C:\Workspace4Git\landlords_study\Landlords_Server01\Server\ET.Core\Base\Async\AsyncETTaskMethodBuilder.cs:126:13
MoveNext at offset 163 in file:line:column C:\Workspace4Git\landlords_study\Landlords_Server01\Server\Hotfix\Landlords\Handler\Map\GameContinueHandler.cs:10:13
GetGamingRoom at offset 157 in file:line:column C:\Workspace4Git\landlords_study\Landlords_Server01\Server\Hotfix\Landlords\System\LandMatchComponentSystem.cs:18:17
Error at offset 82 in file:line:column C:\Workspace4Git\landlords_study\Landlords_Server01\Server\ET.Core\Base\Log.cs:37:4
Error at offset 64 in file:line:column C:\Workspace4Git\landlords_study\Landlords_Server01\Server\ET.Core\Base\Logger\NLogAdapter.cs:32:4

2020-07-16 02:00:34.4362 AllServer 0001 玩家不在已经开始游戏的房间中 
 MoveNext at offset 374 in file:line:column C:\Workspace4Git\landlords_study\Landlords_Server01\Server\Hotfix\Module\Actor\ActorMessageDispatcherComponentSystem.cs:82:4
Handle at offset 408 in file:line:column <filename unknown>:0:0
Start<TStateMachine> at offset 80 in file:line:column C:\Workspace4Git\landlords_study\Landlords_Server01\Server\ET.Core\Base\Async\AsyncETTaskMethodBuilder.cs:126:13
MoveNext at offset 1150 in file:line:column C:\Workspace4Git\landlords_study\Landlords_Server01\Server\ET.Core\Module\Actor\AMActorHandler.cs:26:5
Run at offset 249 in file:line:column <filename unknown>:0:0
Start<TStateMachine> at offset 80 in file:line:column C:\Workspace4Git\landlords_study\Landlords_Server01\Server\ET.Core\Base\Async\AsyncETTaskMethodBuilder.cs:126:13
MoveNext at offset 163 in file:line:column C:\Workspace4Git\landlords_study\Landlords_Server01\Server\Hotfix\Landlords\Handler\Map\GameContinueHandler.cs:10:13
GetGamingRoom at offset 157 in file:line:column C:\Workspace4Git\landlords_study\Landlords_Server01\Server\Hotfix\Landlords\System\LandMatchComponentSystem.cs:18:17
Error at offset 82 in file:line:column C:\Workspace4Git\landlords_study\Landlords_Server01\Server\ET.Core\Base\Log.cs:37:4
Error at offset 64 in file:line:column C:\Workspace4Git\landlords_study\Landlords_Server01\Server\ET.Core\Base\Logger\NLogAdapter.cs:32:4

